This file contains any messages produced by compilers while
running configure, to aid debugging if configure makes a mistake.

It was created by libedit configure 3.0, which was
generated by GNU Autoconf 2.64.  Invocation command line was

  $ ./configure --prefix=/tigress/lei/WORKFLOW/UTILS/sac-101.6a/build/libedit --disable-dependency-tracking

## --------- ##
## Platform. ##
## --------- ##

hostname = tiger1
uname -m = x86_64
uname -r = 2.6.32-431.20.3.el6.x86_64
uname -s = Linux
uname -v = #1 SMP Fri Jun 20 19:14:31 EDT 2014

/usr/bin/uname -p = unknown
/bin/uname -X     = unknown

/bin/arch              = x86_64
/usr/bin/arch -k       = unknown
/usr/convex/getsysinfo = unknown
/usr/bin/hostinfo      = unknown
/bin/machine           = unknown
/usr/bin/oslevel       = unknown
/bin/universe          = unknown

PATH: /home/lei/bin/gmt-aux-1.0/bin
PATH: /home/lei/bin/adios-1.5.0/bin
PATH: /home/lei/bin/sac/sac-101.6a/build/src
PATH: /home/lei/bin/rdseed
PATH: /usr/bin
PATH: /home/lei/bin/lib
PATH: /home/lei/bin
PATH: /usr/local/openmpi/1.6.3/intel130/x86_64/bin
PATH: /opt/intel/composer_xe_2013.1.117/bin/intel64
PATH: /opt/intel/composer_xe_2013.1.117/bin/intel64_mic
PATH: /usr/local/intel/bin
PATH: /home/lei/bin/gmt-aux-1.0/bin
PATH: /home/lei/bin/adios-1.5.0/bin
PATH: /home/lei/bin/sac-101.4/bin
PATH: /home/lei/bin/rdseed
PATH: /usr/bin
PATH: /home/lei/bin/lib
PATH: /home/lei/bin
PATH: /usr/lib64/qt-3.3/bin
PATH: /usr/local/bin
PATH: /bin
PATH: /usr/bin
PATH: /usr/local/sbin
PATH: /usr/sbin
PATH: /sbin
PATH: /opt/dell/srvadmin/bin
PATH: /home/lei/bin/sac-101.4/bin
PATH: /home/lei/bin
PATH: /home/lei/bin/sac-101.6a/bin


## ----------- ##
## Core tests. ##
## ----------- ##

configure:2252: checking for a BSD-compatible install
configure:2320: result: /tigress/lei/WORKFLOW/UTILS/sac-101.6a/build/../config/install-sh
configure:2331: checking whether build environment is sane
configure:2381: result: yes
configure:2522: checking for a thread-safe mkdir -p
configure:2561: result: /bin/mkdir -p
configure:2574: checking for gawk
configure:2590: found /usr/bin/gawk
configure:2601: result: gawk
configure:2612: checking whether make sets $(MAKE)
configure:2634: result: yes
configure:2758: checking for ranlib
configure:2774: found /usr/bin/ranlib
configure:2785: result: ranlib
configure:2883: checking for g++
configure:2899: found /usr/bin/g++
configure:2910: result: g++
configure:2937: checking for C++ compiler version
configure:2946: g++ --version >&5
g++ (GCC) 4.4.7 20120313 (Red Hat 4.4.7-4)
Copyright (C) 2010 Free Software Foundation, Inc.
This is free software; see the source for copying conditions.  There is NO
warranty; not even for MERCHANTABILITY or FITNESS FOR A PARTICULAR PURPOSE.

configure:2957: $? = 0
configure:2946: g++ -v >&5
Using built-in specs.
Target: x86_64-redhat-linux
Configured with: ../configure --prefix=/usr --mandir=/usr/share/man --infodir=/usr/share/info --with-bugurl=http://bugzilla.redhat.com/bugzilla --enable-bootstrap --enable-shared --enable-threads=posix --enable-checking=release --with-system-zlib --enable-__cxa_atexit --disable-libunwind-exceptions --enable-gnu-unique-object --enable-languages=c,c++,objc,obj-c++,java,fortran,ada --enable-java-awt=gtk --disable-dssi --with-java-home=/usr/lib/jvm/java-1.5.0-gcj-1.5.0.0/jre --enable-libgcj-multifile --enable-java-maintainer-mode --with-ecj-jar=/usr/share/java/eclipse-ecj.jar --disable-libjava-multilib --with-ppl --with-cloog --with-tune=generic --with-arch_32=i686 --build=x86_64-redhat-linux
Thread model: posix
gcc version 4.4.7 20120313 (Red Hat 4.4.7-4) (GCC) 
configure:2957: $? = 0
configure:2946: g++ -V >&5
g++: '-V' option must have argument
configure:2957: $? = 1
configure:2946: g++ -qversion >&5
g++: unrecognized option '-qversion'
g++: no input files
configure:2957: $? = 1
configure:2979: checking for C++ compiler default output file name
configure:3001: g++    conftest.cpp  >&5
configure:3005: $? = 0
configure:3042: result: a.out
configure:3058: checking whether the C++ compiler works
configure:3067: ./a.out
configure:3071: $? = 0
configure:3086: result: yes
configure:3093: checking whether we are cross compiling
configure:3095: result: no
configure:3098: checking for suffix of executables
configure:3105: g++ -o conftest    conftest.cpp  >&5
configure:3109: $? = 0
configure:3131: result: 
configure:3137: checking for suffix of object files
configure:3159: g++ -c   conftest.cpp >&5
configure:3163: $? = 0
configure:3184: result: o
configure:3188: checking whether we are using the GNU C++ compiler
configure:3207: g++ -c   conftest.cpp >&5
configure:3207: $? = 0
configure:3216: result: yes
configure:3225: checking whether g++ accepts -g
configure:3245: g++ -c -g  conftest.cpp >&5
configure:3245: $? = 0
configure:3286: result: yes
configure:3320: checking for style of include used by make
configure:3348: result: GNU
configure:3373: checking dependency style of g++
configure:3483: result: none
configure:3546: checking for gcc
configure:3562: found /usr/bin/gcc
configure:3573: result: gcc
configure:3802: checking for C compiler version
configure:3811: gcc --version >&5
gcc (GCC) 4.4.7 20120313 (Red Hat 4.4.7-4)
Copyright (C) 2010 Free Software Foundation, Inc.
This is free software; see the source for copying conditions.  There is NO
warranty; not even for MERCHANTABILITY or FITNESS FOR A PARTICULAR PURPOSE.

configure:3822: $? = 0
configure:3811: gcc -v >&5
Using built-in specs.
Target: x86_64-redhat-linux
Configured with: ../configure --prefix=/usr --mandir=/usr/share/man --infodir=/usr/share/info --with-bugurl=http://bugzilla.redhat.com/bugzilla --enable-bootstrap --enable-shared --enable-threads=posix --enable-checking=release --with-system-zlib --enable-__cxa_atexit --disable-libunwind-exceptions --enable-gnu-unique-object --enable-languages=c,c++,objc,obj-c++,java,fortran,ada --enable-java-awt=gtk --disable-dssi --with-java-home=/usr/lib/jvm/java-1.5.0-gcj-1.5.0.0/jre --enable-libgcj-multifile --enable-java-maintainer-mode --with-ecj-jar=/usr/share/java/eclipse-ecj.jar --disable-libjava-multilib --with-ppl --with-cloog --with-tune=generic --with-arch_32=i686 --build=x86_64-redhat-linux
Thread model: posix
gcc version 4.4.7 20120313 (Red Hat 4.4.7-4) (GCC) 
configure:3822: $? = 0
configure:3811: gcc -V >&5
gcc: '-V' option must have argument
configure:3822: $? = 1
configure:3811: gcc -qversion >&5
gcc: unrecognized option '-qversion'
gcc: no input files
configure:3822: $? = 1
configure:3826: checking whether we are using the GNU C compiler
configure:3845: gcc -c -D_GNU_SOURCE  -O -Wall -pipe -g3  conftest.c >&5
configure:3845: $? = 0
configure:3854: result: yes
configure:3863: checking whether gcc accepts -g
configure:3883: gcc -c -g  conftest.c >&5
configure:3883: $? = 0
configure:3924: result: yes
configure:3941: checking for gcc option to accept ISO C89
configure:4005: gcc  -c -D_GNU_SOURCE  -O -Wall -pipe -g3  conftest.c >&5
configure:4005: $? = 0
configure:4018: result: none needed
configure:4040: checking dependency style of gcc
configure:4150: result: none
configure:4165: checking whether ln -s works
configure:4169: result: yes
configure:4180: checking for gawk
configure:4207: result: gawk
configure:4225: checking for nroff
configure:4243: found /usr/bin/nroff
configure:4255: result: /usr/bin/nroff
configure:4274: checking for tgetent in -lcurses
configure:4299: gcc -o conftest -D_GNU_SOURCE  -O -Wall -pipe -g3   conftest.c -lcurses   >&5
configure:4299: $? = 0
configure:4308: result: yes
configure:4374: checking how to run the C preprocessor
configure:4405: gcc -E  conftest.c
configure:4405: $? = 0
configure:4419: gcc -E  conftest.c
conftest.c:12:28: error: ac_nonexistent.h: No such file or directory
configure:4419: $? = 1
configure: failed program was:
| /* confdefs.h */
| #define PACKAGE_NAME "libedit"
| #define PACKAGE_TARNAME "libedit-20100121"
| #define PACKAGE_VERSION "3.0"
| #define PACKAGE_STRING "libedit 3.0"
| #define PACKAGE_BUGREPORT ""
| #define PACKAGE_URL ""
| #define PACKAGE "libedit-20100121"
| #define VERSION "3.0"
| #define HAVE_LIBCURSES 1
| /* end confdefs.h.  */
| #include <ac_nonexistent.h>
configure:4444: result: gcc -E
configure:4464: gcc -E  conftest.c
configure:4464: $? = 0
configure:4478: gcc -E  conftest.c
conftest.c:12:28: error: ac_nonexistent.h: No such file or directory
configure:4478: $? = 1
configure: failed program was:
| /* confdefs.h */
| #define PACKAGE_NAME "libedit"
| #define PACKAGE_TARNAME "libedit-20100121"
| #define PACKAGE_VERSION "3.0"
| #define PACKAGE_STRING "libedit 3.0"
| #define PACKAGE_BUGREPORT ""
| #define PACKAGE_URL ""
| #define PACKAGE "libedit-20100121"
| #define VERSION "3.0"
| #define HAVE_LIBCURSES 1
| /* end confdefs.h.  */
| #include <ac_nonexistent.h>
configure:4507: checking for grep that handles long lines and -e
configure:4565: result: /bin/grep
configure:4570: checking for egrep
configure:4632: result: /bin/grep -E
configure:4637: checking for ANSI C header files
configure:4657: gcc -c -D_GNU_SOURCE  -O -Wall -pipe -g3  conftest.c >&5
configure:4657: $? = 0
configure:4730: gcc -o conftest -D_GNU_SOURCE  -O -Wall -pipe -g3   conftest.c -lcurses  >&5
configure:4730: $? = 0
configure:4730: ./conftest
configure:4730: $? = 0
configure:4741: result: yes
configure:4754: checking for sys/types.h
configure:4754: gcc -c -D_GNU_SOURCE  -O -Wall -pipe -g3  conftest.c >&5
configure:4754: $? = 0
configure:4754: result: yes
configure:4754: checking for sys/stat.h
configure:4754: gcc -c -D_GNU_SOURCE  -O -Wall -pipe -g3  conftest.c >&5
configure:4754: $? = 0
configure:4754: result: yes
configure:4754: checking for stdlib.h
configure:4754: gcc -c -D_GNU_SOURCE  -O -Wall -pipe -g3  conftest.c >&5
configure:4754: $? = 0
configure:4754: result: yes
configure:4754: checking for string.h
configure:4754: gcc -c -D_GNU_SOURCE  -O -Wall -pipe -g3  conftest.c >&5
configure:4754: $? = 0
configure:4754: result: yes
configure:4754: checking for memory.h
configure:4754: gcc -c -D_GNU_SOURCE  -O -Wall -pipe -g3  conftest.c >&5
configure:4754: $? = 0
configure:4754: result: yes
configure:4754: checking for strings.h
configure:4754: gcc -c -D_GNU_SOURCE  -O -Wall -pipe -g3  conftest.c >&5
configure:4754: $? = 0
configure:4754: result: yes
configure:4754: checking for inttypes.h
configure:4754: gcc -c -D_GNU_SOURCE  -O -Wall -pipe -g3  conftest.c >&5
configure:4754: $? = 0
configure:4754: result: yes
configure:4754: checking for stdint.h
configure:4754: gcc -c -D_GNU_SOURCE  -O -Wall -pipe -g3  conftest.c >&5
configure:4754: $? = 0
configure:4754: result: yes
configure:4754: checking for unistd.h
configure:4754: gcc -c -D_GNU_SOURCE  -O -Wall -pipe -g3  conftest.c >&5
configure:4754: $? = 0
configure:4754: result: yes
configure:4769: checking for working alloca.h
configure:4786: gcc -o conftest -D_GNU_SOURCE  -O -Wall -pipe -g3   conftest.c -lcurses  >&5
configure:4786: $? = 0
configure:4794: result: yes
configure:4802: checking for alloca
configure:4839: gcc -o conftest -D_GNU_SOURCE  -O -Wall -pipe -g3   conftest.c -lcurses  >&5
configure:4839: $? = 0
configure:4847: result: yes
configure:4960: checking for dirent.h that defines DIR
configure:4979: gcc -c -D_GNU_SOURCE  -O -Wall -pipe -g3  conftest.c >&5
configure:4979: $? = 0
configure:4987: result: yes
configure:5001: checking for library containing opendir
configure:5032: gcc -o conftest -D_GNU_SOURCE  -O -Wall -pipe -g3   conftest.c -lcurses  >&5
configure:5032: $? = 0
configure:5049: result: none required
configure:5116: checking for ANSI C header files
configure:5220: result: yes
configure:5228: checking for sys/wait.h that is POSIX.1 compatible
configure:5254: gcc -c -D_GNU_SOURCE  -O -Wall -pipe -g3  conftest.c >&5
configure:5254: $? = 0
configure:5261: result: yes
configure:5272: checking fcntl.h usability
configure:5272: gcc -c -D_GNU_SOURCE  -O -Wall -pipe -g3  conftest.c >&5
configure:5272: $? = 0
configure:5272: result: yes
configure:5272: checking fcntl.h presence
configure:5272: gcc -E  conftest.c
configure:5272: $? = 0
configure:5272: result: yes
configure:5272: checking for fcntl.h
configure:5272: result: yes
configure:5272: checking limits.h usability
configure:5272: gcc -c -D_GNU_SOURCE  -O -Wall -pipe -g3  conftest.c >&5
configure:5272: $? = 0
configure:5272: result: yes
configure:5272: checking limits.h presence
configure:5272: gcc -E  conftest.c
configure:5272: $? = 0
configure:5272: result: yes
configure:5272: checking for limits.h
configure:5272: result: yes
configure:5272: checking malloc.h usability
configure:5272: gcc -c -D_GNU_SOURCE  -O -Wall -pipe -g3  conftest.c >&5
configure:5272: $? = 0
configure:5272: result: yes
configure:5272: checking malloc.h presence
configure:5272: gcc -E  conftest.c
configure:5272: $? = 0
configure:5272: result: yes
configure:5272: checking for malloc.h
configure:5272: result: yes
configure:5272: checking for stdlib.h
configure:5272: result: yes
configure:5272: checking for string.h
configure:5272: result: yes
configure:5272: checking sys/ioctl.h usability
configure:5272: gcc -c -D_GNU_SOURCE  -O -Wall -pipe -g3  conftest.c >&5
configure:5272: $? = 0
configure:5272: result: yes
configure:5272: checking sys/ioctl.h presence
configure:5272: gcc -E  conftest.c
configure:5272: $? = 0
configure:5272: result: yes
configure:5272: checking for sys/ioctl.h
configure:5272: result: yes
configure:5272: checking sys/param.h usability
configure:5272: gcc -c -D_GNU_SOURCE  -O -Wall -pipe -g3  conftest.c >&5
configure:5272: $? = 0
configure:5272: result: yes
configure:5272: checking sys/param.h presence
configure:5272: gcc -E  conftest.c
configure:5272: $? = 0
configure:5272: result: yes
configure:5272: checking for sys/param.h
configure:5272: result: yes
configure:5272: checking for unistd.h
configure:5272: result: yes
configure:5272: checking curses.h usability
configure:5272: gcc -c -D_GNU_SOURCE  -O -Wall -pipe -g3  conftest.c >&5
configure:5272: $? = 0
configure:5272: result: yes
configure:5272: checking curses.h presence
configure:5272: gcc -E  conftest.c
configure:5272: $? = 0
configure:5272: result: yes
configure:5272: checking for curses.h
configure:5272: result: yes
configure:5272: checking ncurses.h usability
configure:5272: gcc -c -D_GNU_SOURCE  -O -Wall -pipe -g3  conftest.c >&5
configure:5272: $? = 0
configure:5272: result: yes
configure:5272: checking ncurses.h presence
configure:5272: gcc -E  conftest.c
configure:5272: $? = 0
configure:5272: result: yes
configure:5272: checking for ncurses.h
configure:5272: result: yes
configure:5272: checking sys/cdefs.h usability
configure:5272: gcc -c -D_GNU_SOURCE  -O -Wall -pipe -g3  conftest.c >&5
configure:5272: $? = 0
configure:5272: result: yes
configure:5272: checking sys/cdefs.h presence
configure:5272: gcc -E  conftest.c
configure:5272: $? = 0
configure:5272: result: yes
configure:5272: checking for sys/cdefs.h
configure:5272: result: yes
configure:5284: checking termios.h usability
configure:5284: gcc -c -D_GNU_SOURCE  -O -Wall -pipe -g3  conftest.c >&5
configure:5284: $? = 0
configure:5284: result: yes
configure:5284: checking termios.h presence
configure:5284: gcc -E  conftest.c
configure:5284: $? = 0
configure:5284: result: yes
configure:5284: checking for termios.h
configure:5284: result: yes
configure:5296: checking for term.h
configure:5296: gcc -c -D_GNU_SOURCE  -O -Wall -pipe -g3  conftest.c >&5
configure:5296: $? = 0
configure:5296: result: yes
configure:5314: checking for an ANSI C-conforming const
configure:5379: gcc -c -D_GNU_SOURCE  -O -Wall -pipe -g3  conftest.c >&5
conftest.c: In function 'main':
conftest.c:68: warning: 't' is used uninitialized in this function
conftest.c:84: warning: 'b' is used uninitialized in this function
conftest.c:47: warning: 'cs[0]' is used uninitialized in this function
configure:5379: $? = 0
configure:5386: result: yes
configure:5394: checking for pid_t
configure:5394: gcc -c -D_GNU_SOURCE  -O -Wall -pipe -g3  conftest.c >&5
configure:5394: $? = 0
configure:5394: gcc -c -D_GNU_SOURCE  -O -Wall -pipe -g3  conftest.c >&5
conftest.c: In function 'main':
conftest.c:75: error: expected expression before ')' token
configure:5394: $? = 1
configure: failed program was:
| /* confdefs.h */
| #define PACKAGE_NAME "libedit"
| #define PACKAGE_TARNAME "libedit-20100121"
| #define PACKAGE_VERSION "3.0"
| #define PACKAGE_STRING "libedit 3.0"
| #define PACKAGE_BUGREPORT ""
| #define PACKAGE_URL ""
| #define PACKAGE "libedit-20100121"
| #define VERSION "3.0"
| #define HAVE_LIBCURSES 1
| #define STDC_HEADERS 1
| #define HAVE_SYS_TYPES_H 1
| #define HAVE_SYS_STAT_H 1
| #define HAVE_STDLIB_H 1
| #define HAVE_STRING_H 1
| #define HAVE_MEMORY_H 1
| #define HAVE_STRINGS_H 1
| #define HAVE_INTTYPES_H 1
| #define HAVE_STDINT_H 1
| #define HAVE_UNISTD_H 1
| #define HAVE_ALLOCA_H 1
| #define HAVE_ALLOCA 1
| #define HAVE_DIRENT_H 1
| #define STDC_HEADERS 1
| #define HAVE_SYS_WAIT_H 1
| #define HAVE_FCNTL_H 1
| #define HAVE_LIMITS_H 1
| #define HAVE_MALLOC_H 1
| #define HAVE_STDLIB_H 1
| #define HAVE_STRING_H 1
| #define HAVE_SYS_IOCTL_H 1
| #define HAVE_SYS_PARAM_H 1
| #define HAVE_UNISTD_H 1
| #define HAVE_CURSES_H 1
| #define HAVE_NCURSES_H 1
| #define HAVE_SYS_CDEFS_H 1
| #define HAVE_TERM_H 1
| /* end confdefs.h.  */
| #include <stdio.h>
| #ifdef HAVE_SYS_TYPES_H
| # include <sys/types.h>
| #endif
| #ifdef HAVE_SYS_STAT_H
| # include <sys/stat.h>
| #endif
| #ifdef STDC_HEADERS
| # include <stdlib.h>
| # include <stddef.h>
| #else
| # ifdef HAVE_STDLIB_H
| #  include <stdlib.h>
| # endif
| #endif
| #ifdef HAVE_STRING_H
| # if !defined STDC_HEADERS && defined HAVE_MEMORY_H
| #  include <memory.h>
| # endif
| # include <string.h>
| #endif
| #ifdef HAVE_STRINGS_H
| # include <strings.h>
| #endif
| #ifdef HAVE_INTTYPES_H
| # include <inttypes.h>
| #endif
| #ifdef HAVE_STDINT_H
| # include <stdint.h>
| #endif
| #ifdef HAVE_UNISTD_H
| # include <unistd.h>
| #endif
| int
| main ()
| {
| if (sizeof ((pid_t)))
| 	    return 0;
|   ;
|   return 0;
| }
configure:5394: result: yes
configure:5405: checking for size_t
configure:5405: gcc -c -D_GNU_SOURCE  -O -Wall -pipe -g3  conftest.c >&5
configure:5405: $? = 0
configure:5405: gcc -c -D_GNU_SOURCE  -O -Wall -pipe -g3  conftest.c >&5
conftest.c: In function 'main':
conftest.c:75: error: expected expression before ')' token
configure:5405: $? = 1
configure: failed program was:
| /* confdefs.h */
| #define PACKAGE_NAME "libedit"
| #define PACKAGE_TARNAME "libedit-20100121"
| #define PACKAGE_VERSION "3.0"
| #define PACKAGE_STRING "libedit 3.0"
| #define PACKAGE_BUGREPORT ""
| #define PACKAGE_URL ""
| #define PACKAGE "libedit-20100121"
| #define VERSION "3.0"
| #define HAVE_LIBCURSES 1
| #define STDC_HEADERS 1
| #define HAVE_SYS_TYPES_H 1
| #define HAVE_SYS_STAT_H 1
| #define HAVE_STDLIB_H 1
| #define HAVE_STRING_H 1
| #define HAVE_MEMORY_H 1
| #define HAVE_STRINGS_H 1
| #define HAVE_INTTYPES_H 1
| #define HAVE_STDINT_H 1
| #define HAVE_UNISTD_H 1
| #define HAVE_ALLOCA_H 1
| #define HAVE_ALLOCA 1
| #define HAVE_DIRENT_H 1
| #define STDC_HEADERS 1
| #define HAVE_SYS_WAIT_H 1
| #define HAVE_FCNTL_H 1
| #define HAVE_LIMITS_H 1
| #define HAVE_MALLOC_H 1
| #define HAVE_STDLIB_H 1
| #define HAVE_STRING_H 1
| #define HAVE_SYS_IOCTL_H 1
| #define HAVE_SYS_PARAM_H 1
| #define HAVE_UNISTD_H 1
| #define HAVE_CURSES_H 1
| #define HAVE_NCURSES_H 1
| #define HAVE_SYS_CDEFS_H 1
| #define HAVE_TERM_H 1
| /* end confdefs.h.  */
| #include <stdio.h>
| #ifdef HAVE_SYS_TYPES_H
| # include <sys/types.h>
| #endif
| #ifdef HAVE_SYS_STAT_H
| # include <sys/stat.h>
| #endif
| #ifdef STDC_HEADERS
| # include <stdlib.h>
| # include <stddef.h>
| #else
| # ifdef HAVE_STDLIB_H
| #  include <stdlib.h>
| # endif
| #endif
| #ifdef HAVE_STRING_H
| # if !defined STDC_HEADERS && defined HAVE_MEMORY_H
| #  include <memory.h>
| # endif
| # include <string.h>
| #endif
| #ifdef HAVE_STRINGS_H
| # include <strings.h>
| #endif
| #ifdef HAVE_INTTYPES_H
| # include <inttypes.h>
| #endif
| #ifdef HAVE_STDINT_H
| # include <stdint.h>
| #endif
| #ifdef HAVE_UNISTD_H
| # include <unistd.h>
| #endif
| int
| main ()
| {
| if (sizeof ((size_t)))
| 	    return 0;
|   ;
|   return 0;
| }
configure:5405: result: yes
configure:5416: checking for u_int32_t
configure:5416: gcc -c -D_GNU_SOURCE  -O -Wall -pipe -g3  conftest.c >&5
configure:5416: $? = 0
configure:5416: gcc -c -D_GNU_SOURCE  -O -Wall -pipe -g3  conftest.c >&5
conftest.c: In function 'main':
conftest.c:75: error: expected expression before ')' token
configure:5416: $? = 1
configure: failed program was:
| /* confdefs.h */
| #define PACKAGE_NAME "libedit"
| #define PACKAGE_TARNAME "libedit-20100121"
| #define PACKAGE_VERSION "3.0"
| #define PACKAGE_STRING "libedit 3.0"
| #define PACKAGE_BUGREPORT ""
| #define PACKAGE_URL ""
| #define PACKAGE "libedit-20100121"
| #define VERSION "3.0"
| #define HAVE_LIBCURSES 1
| #define STDC_HEADERS 1
| #define HAVE_SYS_TYPES_H 1
| #define HAVE_SYS_STAT_H 1
| #define HAVE_STDLIB_H 1
| #define HAVE_STRING_H 1
| #define HAVE_MEMORY_H 1
| #define HAVE_STRINGS_H 1
| #define HAVE_INTTYPES_H 1
| #define HAVE_STDINT_H 1
| #define HAVE_UNISTD_H 1
| #define HAVE_ALLOCA_H 1
| #define HAVE_ALLOCA 1
| #define HAVE_DIRENT_H 1
| #define STDC_HEADERS 1
| #define HAVE_SYS_WAIT_H 1
| #define HAVE_FCNTL_H 1
| #define HAVE_LIMITS_H 1
| #define HAVE_MALLOC_H 1
| #define HAVE_STDLIB_H 1
| #define HAVE_STRING_H 1
| #define HAVE_SYS_IOCTL_H 1
| #define HAVE_SYS_PARAM_H 1
| #define HAVE_UNISTD_H 1
| #define HAVE_CURSES_H 1
| #define HAVE_NCURSES_H 1
| #define HAVE_SYS_CDEFS_H 1
| #define HAVE_TERM_H 1
| /* end confdefs.h.  */
| #include <stdio.h>
| #ifdef HAVE_SYS_TYPES_H
| # include <sys/types.h>
| #endif
| #ifdef HAVE_SYS_STAT_H
| # include <sys/stat.h>
| #endif
| #ifdef STDC_HEADERS
| # include <stdlib.h>
| # include <stddef.h>
| #else
| # ifdef HAVE_STDLIB_H
| #  include <stdlib.h>
| # endif
| #endif
| #ifdef HAVE_STRING_H
| # if !defined STDC_HEADERS && defined HAVE_MEMORY_H
| #  include <memory.h>
| # endif
| # include <string.h>
| #endif
| #ifdef HAVE_STRINGS_H
| # include <strings.h>
| #endif
| #ifdef HAVE_INTTYPES_H
| # include <inttypes.h>
| #endif
| #ifdef HAVE_STDINT_H
| # include <stdint.h>
| #endif
| #ifdef HAVE_UNISTD_H
| # include <unistd.h>
| #endif
| int
| main ()
| {
| if (sizeof ((u_int32_t)))
| 	    return 0;
|   ;
|   return 0;
| }
configure:5416: result: yes
configure:5428: checking whether closedir returns void
configure:5452: gcc -o conftest -D_GNU_SOURCE  -O -Wall -pipe -g3   conftest.c -lcurses  >&5
configure:5452: $? = 0
configure:5452: ./conftest
configure:5452: $? = 0
configure:5462: result: no
configure:5472: checking vfork.h usability
configure:5472: gcc -c -D_GNU_SOURCE  -O -Wall -pipe -g3  conftest.c >&5
conftest.c:73:19: error: vfork.h: No such file or directory
configure:5472: $? = 1
configure: failed program was:
| /* confdefs.h */
| #define PACKAGE_NAME "libedit"
| #define PACKAGE_TARNAME "libedit-20100121"
| #define PACKAGE_VERSION "3.0"
| #define PACKAGE_STRING "libedit 3.0"
| #define PACKAGE_BUGREPORT ""
| #define PACKAGE_URL ""
| #define PACKAGE "libedit-20100121"
| #define VERSION "3.0"
| #define HAVE_LIBCURSES 1
| #define STDC_HEADERS 1
| #define HAVE_SYS_TYPES_H 1
| #define HAVE_SYS_STAT_H 1
| #define HAVE_STDLIB_H 1
| #define HAVE_STRING_H 1
| #define HAVE_MEMORY_H 1
| #define HAVE_STRINGS_H 1
| #define HAVE_INTTYPES_H 1
| #define HAVE_STDINT_H 1
| #define HAVE_UNISTD_H 1
| #define HAVE_ALLOCA_H 1
| #define HAVE_ALLOCA 1
| #define HAVE_DIRENT_H 1
| #define STDC_HEADERS 1
| #define HAVE_SYS_WAIT_H 1
| #define HAVE_FCNTL_H 1
| #define HAVE_LIMITS_H 1
| #define HAVE_MALLOC_H 1
| #define HAVE_STDLIB_H 1
| #define HAVE_STRING_H 1
| #define HAVE_SYS_IOCTL_H 1
| #define HAVE_SYS_PARAM_H 1
| #define HAVE_UNISTD_H 1
| #define HAVE_CURSES_H 1
| #define HAVE_NCURSES_H 1
| #define HAVE_SYS_CDEFS_H 1
| #define HAVE_TERM_H 1
| #define HAVE_U_INT32_T 1
| /* end confdefs.h.  */
| #include <stdio.h>
| #ifdef HAVE_SYS_TYPES_H
| # include <sys/types.h>
| #endif
| #ifdef HAVE_SYS_STAT_H
| # include <sys/stat.h>
| #endif
| #ifdef STDC_HEADERS
| # include <stdlib.h>
| # include <stddef.h>
| #else
| # ifdef HAVE_STDLIB_H
| #  include <stdlib.h>
| # endif
| #endif
| #ifdef HAVE_STRING_H
| # if !defined STDC_HEADERS && defined HAVE_MEMORY_H
| #  include <memory.h>
| # endif
| # include <string.h>
| #endif
| #ifdef HAVE_STRINGS_H
| # include <strings.h>
| #endif
| #ifdef HAVE_INTTYPES_H
| # include <inttypes.h>
| #endif
| #ifdef HAVE_STDINT_H
| # include <stdint.h>
| #endif
| #ifdef HAVE_UNISTD_H
| # include <unistd.h>
| #endif
| #include <vfork.h>
configure:5472: result: no
configure:5472: checking vfork.h presence
configure:5472: gcc -E  conftest.c
conftest.c:40:19: error: vfork.h: No such file or directory
configure:5472: $? = 1
configure: failed program was:
| /* confdefs.h */
| #define PACKAGE_NAME "libedit"
| #define PACKAGE_TARNAME "libedit-20100121"
| #define PACKAGE_VERSION "3.0"
| #define PACKAGE_STRING "libedit 3.0"
| #define PACKAGE_BUGREPORT ""
| #define PACKAGE_URL ""
| #define PACKAGE "libedit-20100121"
| #define VERSION "3.0"
| #define HAVE_LIBCURSES 1
| #define STDC_HEADERS 1
| #define HAVE_SYS_TYPES_H 1
| #define HAVE_SYS_STAT_H 1
| #define HAVE_STDLIB_H 1
| #define HAVE_STRING_H 1
| #define HAVE_MEMORY_H 1
| #define HAVE_STRINGS_H 1
| #define HAVE_INTTYPES_H 1
| #define HAVE_STDINT_H 1
| #define HAVE_UNISTD_H 1
| #define HAVE_ALLOCA_H 1
| #define HAVE_ALLOCA 1
| #define HAVE_DIRENT_H 1
| #define STDC_HEADERS 1
| #define HAVE_SYS_WAIT_H 1
| #define HAVE_FCNTL_H 1
| #define HAVE_LIMITS_H 1
| #define HAVE_MALLOC_H 1
| #define HAVE_STDLIB_H 1
| #define HAVE_STRING_H 1
| #define HAVE_SYS_IOCTL_H 1
| #define HAVE_SYS_PARAM_H 1
| #define HAVE_UNISTD_H 1
| #define HAVE_CURSES_H 1
| #define HAVE_NCURSES_H 1
| #define HAVE_SYS_CDEFS_H 1
| #define HAVE_TERM_H 1
| #define HAVE_U_INT32_T 1
| /* end confdefs.h.  */
| #include <vfork.h>
configure:5472: result: no
configure:5472: checking for vfork.h
configure:5472: result: no
configure:5485: checking for fork
configure:5485: gcc -o conftest -D_GNU_SOURCE  -O -Wall -pipe -g3   conftest.c -lcurses  >&5
conftest.c:63: warning: conflicting types for built-in function 'fork'
configure:5485: $? = 0
configure:5485: result: yes
configure:5485: checking for vfork
configure:5485: gcc -o conftest -D_GNU_SOURCE  -O -Wall -pipe -g3   conftest.c -lcurses  >&5
configure:5485: $? = 0
configure:5485: result: yes
configure:5496: checking for working fork
configure:5518: gcc -o conftest -D_GNU_SOURCE  -O -Wall -pipe -g3   conftest.c -lcurses  >&5
configure:5518: $? = 0
configure:5518: ./conftest
configure:5518: $? = 0
configure:5528: result: yes
configure:5549: checking for working vfork
configure:5659: result: yes
configure:5685: checking whether gcc needs -traditional
configure:5719: result: no
configure:5729: checking return type of signal handlers
configure:5747: gcc -c -D_GNU_SOURCE  -O -Wall -pipe -g3  conftest.c >&5
conftest.c: In function 'main':
conftest.c:50: error: void value not ignored as it ought to be
configure:5747: $? = 1
configure: failed program was:
| /* confdefs.h */
| #define PACKAGE_NAME "libedit"
| #define PACKAGE_TARNAME "libedit-20100121"
| #define PACKAGE_VERSION "3.0"
| #define PACKAGE_STRING "libedit 3.0"
| #define PACKAGE_BUGREPORT ""
| #define PACKAGE_URL ""
| #define PACKAGE "libedit-20100121"
| #define VERSION "3.0"
| #define HAVE_LIBCURSES 1
| #define STDC_HEADERS 1
| #define HAVE_SYS_TYPES_H 1
| #define HAVE_SYS_STAT_H 1
| #define HAVE_STDLIB_H 1
| #define HAVE_STRING_H 1
| #define HAVE_MEMORY_H 1
| #define HAVE_STRINGS_H 1
| #define HAVE_INTTYPES_H 1
| #define HAVE_STDINT_H 1
| #define HAVE_UNISTD_H 1
| #define HAVE_ALLOCA_H 1
| #define HAVE_ALLOCA 1
| #define HAVE_DIRENT_H 1
| #define STDC_HEADERS 1
| #define HAVE_SYS_WAIT_H 1
| #define HAVE_FCNTL_H 1
| #define HAVE_LIMITS_H 1
| #define HAVE_MALLOC_H 1
| #define HAVE_STDLIB_H 1
| #define HAVE_STRING_H 1
| #define HAVE_SYS_IOCTL_H 1
| #define HAVE_SYS_PARAM_H 1
| #define HAVE_UNISTD_H 1
| #define HAVE_CURSES_H 1
| #define HAVE_NCURSES_H 1
| #define HAVE_SYS_CDEFS_H 1
| #define HAVE_TERM_H 1
| #define HAVE_U_INT32_T 1
| #define HAVE_FORK 1
| #define HAVE_VFORK 1
| #define HAVE_WORKING_VFORK 1
| #define HAVE_WORKING_FORK 1
| /* end confdefs.h.  */
| #include <sys/types.h>
| #include <signal.h>
| 
| int
| main ()
| {
| return *(signal (0, 0)) (0) == 1;
|   ;
|   return 0;
| }
configure:5754: result: void
configure:5762: checking whether lstat dereferences a symlink specified with a trailing slash
configure:5788: gcc -o conftest -D_GNU_SOURCE  -O -Wall -pipe -g3   conftest.c -lcurses  >&5
configure:5788: $? = 0
configure:5788: ./conftest
configure:5788: $? = 0
configure:5805: result: yes
configure:5824: checking whether stat accepts an empty string
configure:5844: gcc -o conftest -D_GNU_SOURCE  -O -Wall -pipe -g3   conftest.c -lcurses  >&5
configure:5844: $? = 0
configure:5844: ./conftest
configure:5844: $? = 0
configure:5854: result: no
configure:5873: checking for endpwent
configure:5873: gcc -o conftest -D_GNU_SOURCE  -O -Wall -pipe -g3   conftest.c -lcurses  >&5
configure:5873: $? = 0
configure:5873: result: yes
configure:5873: checking for isascii
configure:5873: gcc -o conftest -D_GNU_SOURCE  -O -Wall -pipe -g3   conftest.c -lcurses  >&5
conftest.c:70: warning: conflicting types for built-in function 'isascii'
configure:5873: $? = 0
configure:5873: result: yes
configure:5873: checking for memchr
configure:5873: gcc -o conftest -D_GNU_SOURCE  -O -Wall -pipe -g3   conftest.c -lcurses  >&5
conftest.c:71: warning: conflicting types for built-in function 'memchr'
configure:5873: $? = 0
configure:5873: result: yes
configure:5873: checking for memset
configure:5873: gcc -o conftest -D_GNU_SOURCE  -O -Wall -pipe -g3   conftest.c -lcurses  >&5
conftest.c:72: warning: conflicting types for built-in function 'memset'
configure:5873: $? = 0
configure:5873: result: yes
configure:5873: checking for re_comp
configure:5873: gcc -o conftest -D_GNU_SOURCE  -O -Wall -pipe -g3   conftest.c -lcurses  >&5
configure:5873: $? = 0
configure:5873: result: yes
configure:5873: checking for regcomp
configure:5873: gcc -o conftest -D_GNU_SOURCE  -O -Wall -pipe -g3   conftest.c -lcurses  >&5
configure:5873: $? = 0
configure:5873: result: yes
configure:5873: checking for strcasecmp
configure:5873: gcc -o conftest -D_GNU_SOURCE  -O -Wall -pipe -g3   conftest.c -lcurses  >&5
conftest.c:75: warning: conflicting types for built-in function 'strcasecmp'
configure:5873: $? = 0
configure:5873: result: yes
configure:5873: checking for strchr
configure:5873: gcc -o conftest -D_GNU_SOURCE  -O -Wall -pipe -g3   conftest.c -lcurses  >&5
conftest.c:76: warning: conflicting types for built-in function 'strchr'
configure:5873: $? = 0
configure:5873: result: yes
configure:5873: checking for strcspn
configure:5873: gcc -o conftest -D_GNU_SOURCE  -O -Wall -pipe -g3   conftest.c -lcurses  >&5
conftest.c:77: warning: conflicting types for built-in function 'strcspn'
configure:5873: $? = 0
configure:5873: result: yes
configure:5873: checking for strdup
configure:5873: gcc -o conftest -D_GNU_SOURCE  -O -Wall -pipe -g3   conftest.c -lcurses  >&5
conftest.c:78: warning: conflicting types for built-in function 'strdup'
configure:5873: $? = 0
configure:5873: result: yes
configure:5873: checking for strerror
configure:5873: gcc -o conftest -D_GNU_SOURCE  -O -Wall -pipe -g3   conftest.c -lcurses  >&5
configure:5873: $? = 0
configure:5873: result: yes
configure:5873: checking for strrchr
configure:5873: gcc -o conftest -D_GNU_SOURCE  -O -Wall -pipe -g3   conftest.c -lcurses  >&5
conftest.c:80: warning: conflicting types for built-in function 'strrchr'
configure:5873: $? = 0
configure:5873: result: yes
configure:5873: checking for strstr
configure:5873: gcc -o conftest -D_GNU_SOURCE  -O -Wall -pipe -g3   conftest.c -lcurses  >&5
conftest.c:81: warning: conflicting types for built-in function 'strstr'
configure:5873: $? = 0
configure:5873: result: yes
configure:5873: checking for strtol
configure:5873: gcc -o conftest -D_GNU_SOURCE  -O -Wall -pipe -g3   conftest.c -lcurses  >&5
configure:5873: $? = 0
configure:5873: result: yes
configure:5873: checking for issetugid
configure:5873: gcc -o conftest -D_GNU_SOURCE  -O -Wall -pipe -g3   conftest.c -lcurses  >&5
/tmp/ccKYGHEc.o: In function `main':
/tigress/lei/WORKFLOW/UTILS/sac-101.6a/build/libedit/libedit-20090923-3.0-sac/conftest.c:94: undefined reference to `issetugid'
collect2: ld returned 1 exit status
configure:5873: $? = 1
configure: failed program was:
| /* confdefs.h */
| #define PACKAGE_NAME "libedit"
| #define PACKAGE_TARNAME "libedit-20100121"
| #define PACKAGE_VERSION "3.0"
| #define PACKAGE_STRING "libedit 3.0"
| #define PACKAGE_BUGREPORT ""
| #define PACKAGE_URL ""
| #define PACKAGE "libedit-20100121"
| #define VERSION "3.0"
| #define HAVE_LIBCURSES 1
| #define STDC_HEADERS 1
| #define HAVE_SYS_TYPES_H 1
| #define HAVE_SYS_STAT_H 1
| #define HAVE_STDLIB_H 1
| #define HAVE_STRING_H 1
| #define HAVE_MEMORY_H 1
| #define HAVE_STRINGS_H 1
| #define HAVE_INTTYPES_H 1
| #define HAVE_STDINT_H 1
| #define HAVE_UNISTD_H 1
| #define HAVE_ALLOCA_H 1
| #define HAVE_ALLOCA 1
| #define HAVE_DIRENT_H 1
| #define STDC_HEADERS 1
| #define HAVE_SYS_WAIT_H 1
| #define HAVE_FCNTL_H 1
| #define HAVE_LIMITS_H 1
| #define HAVE_MALLOC_H 1
| #define HAVE_STDLIB_H 1
| #define HAVE_STRING_H 1
| #define HAVE_SYS_IOCTL_H 1
| #define HAVE_SYS_PARAM_H 1
| #define HAVE_UNISTD_H 1
| #define HAVE_CURSES_H 1
| #define HAVE_NCURSES_H 1
| #define HAVE_SYS_CDEFS_H 1
| #define HAVE_TERM_H 1
| #define HAVE_U_INT32_T 1
| #define HAVE_FORK 1
| #define HAVE_VFORK 1
| #define HAVE_WORKING_VFORK 1
| #define HAVE_WORKING_FORK 1
| #define RETSIGTYPE void
| #define LSTAT_FOLLOWS_SLASHED_SYMLINK 1
| #define HAVE_ENDPWENT 1
| #define HAVE_ISASCII 1
| #define HAVE_MEMCHR 1
| #define HAVE_MEMSET 1
| #define HAVE_RE_COMP 1
| #define HAVE_REGCOMP 1
| #define HAVE_STRCASECMP 1
| #define HAVE_STRCHR 1
| #define HAVE_STRCSPN 1
| #define HAVE_STRDUP 1
| #define HAVE_STRERROR 1
| #define HAVE_STRRCHR 1
| #define HAVE_STRSTR 1
| #define HAVE_STRTOL 1
| /* end confdefs.h.  */
| /* Define issetugid to an innocuous variant, in case <limits.h> declares issetugid.
|    For example, HP-UX 11i <limits.h> declares gettimeofday.  */
| #define issetugid innocuous_issetugid
| 
| /* System header to define __stub macros and hopefully few prototypes,
|     which can conflict with char issetugid (); below.
|     Prefer <limits.h> to <assert.h> if __STDC__ is defined, since
|     <limits.h> exists even on freestanding compilers.  */
| 
| #ifdef __STDC__
| # include <limits.h>
| #else
| # include <assert.h>
| #endif
| 
| #undef issetugid
| 
| /* Override any GCC internal prototype to avoid an error.
|    Use char because int might match the return type of a GCC
|    builtin and then its argument prototype would still apply.  */
| #ifdef __cplusplus
| extern "C"
| #endif
| char issetugid ();
| /* The GNU C library defines this for functions which it implements
|     to always fail with ENOSYS.  Some functions are actually named
|     something starting with __ and the normal name is an alias.  */
| #if defined __stub_issetugid || defined __stub___issetugid
| choke me
| #endif
| 
| int
| main ()
| {
| return issetugid ();
|   ;
|   return 0;
| }
configure:5873: result: no
configure:5884: checking whether getpwnam_r and getpwuid_r are posix like
configure:5903: gcc -o conftest -D_GNU_SOURCE  -O -Wall -pipe -g3   conftest.c -lcurses  >&5
configure:5903: $? = 0
configure:5907: result: yes
configure:5917: checking whether getpwnam_r and getpwuid_r are posix _draft_ like
configure:5936: gcc -o conftest -D_GNU_SOURCE  -O -Wall -pipe -g3   conftest.c -lcurses  >&5
conftest.c: In function 'main':
conftest.c:67: error: too few arguments to function 'getpwnam_r'
conftest.c:68: error: too few arguments to function 'getpwuid_r'
configure:5936: $? = 1
configure: failed program was:
| /* confdefs.h */
| #define PACKAGE_NAME "libedit"
| #define PACKAGE_TARNAME "libedit-20100121"
| #define PACKAGE_VERSION "3.0"
| #define PACKAGE_STRING "libedit 3.0"
| #define PACKAGE_BUGREPORT ""
| #define PACKAGE_URL ""
| #define PACKAGE "libedit-20100121"
| #define VERSION "3.0"
| #define HAVE_LIBCURSES 1
| #define STDC_HEADERS 1
| #define HAVE_SYS_TYPES_H 1
| #define HAVE_SYS_STAT_H 1
| #define HAVE_STDLIB_H 1
| #define HAVE_STRING_H 1
| #define HAVE_MEMORY_H 1
| #define HAVE_STRINGS_H 1
| #define HAVE_INTTYPES_H 1
| #define HAVE_STDINT_H 1
| #define HAVE_UNISTD_H 1
| #define HAVE_ALLOCA_H 1
| #define HAVE_ALLOCA 1
| #define HAVE_DIRENT_H 1
| #define STDC_HEADERS 1
| #define HAVE_SYS_WAIT_H 1
| #define HAVE_FCNTL_H 1
| #define HAVE_LIMITS_H 1
| #define HAVE_MALLOC_H 1
| #define HAVE_STDLIB_H 1
| #define HAVE_STRING_H 1
| #define HAVE_SYS_IOCTL_H 1
| #define HAVE_SYS_PARAM_H 1
| #define HAVE_UNISTD_H 1
| #define HAVE_CURSES_H 1
| #define HAVE_NCURSES_H 1
| #define HAVE_SYS_CDEFS_H 1
| #define HAVE_TERM_H 1
| #define HAVE_U_INT32_T 1
| #define HAVE_FORK 1
| #define HAVE_VFORK 1
| #define HAVE_WORKING_VFORK 1
| #define HAVE_WORKING_FORK 1
| #define RETSIGTYPE void
| #define LSTAT_FOLLOWS_SLASHED_SYMLINK 1
| #define HAVE_ENDPWENT 1
| #define HAVE_ISASCII 1
| #define HAVE_MEMCHR 1
| #define HAVE_MEMSET 1
| #define HAVE_RE_COMP 1
| #define HAVE_REGCOMP 1
| #define HAVE_STRCASECMP 1
| #define HAVE_STRCHR 1
| #define HAVE_STRCSPN 1
| #define HAVE_STRDUP 1
| #define HAVE_STRERROR 1
| #define HAVE_STRRCHR 1
| #define HAVE_STRSTR 1
| #define HAVE_STRTOL 1
| #define HAVE_GETPW_R_POSIX 1
| /* end confdefs.h.  */
| #include <stdlib.h>
|                 #include <sys/types.h>
|                 #include <pwd.h>
| int
| main ()
| {
| getpwnam_r(NULL, NULL, NULL, (size_t)0);
|                 getpwuid_r((uid_t)0, NULL, NULL, (size_t)0);
|   ;
|   return 0;
| }
configure:5943: result: no
configure:6076: creating ./config.status

## ---------------------- ##
## Running config.status. ##
## ---------------------- ##

This file was extended by libedit config.status 3.0, which was
generated by GNU Autoconf 2.64.  Invocation command line was

  CONFIG_FILES    = 
  CONFIG_HEADERS  = 
  CONFIG_LINKS    = 
  CONFIG_COMMANDS = 
  $ ./config.status 

on tiger1

config.status:903: creating Makefile
config.status:903: creating libedit.pc
config.status:903: creating src/Makefile
config.status:903: creating doc/Makefile
config.status:903: creating examples/Makefile
config.status:903: creating config.h
config.status:1123: executing depfiles commands

## ---------------- ##
## Cache variables. ##
## ---------------- ##

ac_cv_c_compiler_gnu=yes
ac_cv_c_const=yes
ac_cv_cxx_compiler_gnu=yes
ac_cv_env_CCC_set=
ac_cv_env_CCC_value=
ac_cv_env_CC_set=
ac_cv_env_CC_value=
ac_cv_env_CFLAGS_set=set
ac_cv_env_CFLAGS_value='-D_GNU_SOURCE  -O -Wall -pipe -g3'
ac_cv_env_CPPFLAGS_set=
ac_cv_env_CPPFLAGS_value=
ac_cv_env_CPP_set=
ac_cv_env_CPP_value=
ac_cv_env_CXXFLAGS_set=
ac_cv_env_CXXFLAGS_value=
ac_cv_env_CXX_set=
ac_cv_env_CXX_value=
ac_cv_env_LDFLAGS_set=set
ac_cv_env_LDFLAGS_value=
ac_cv_env_LIBS_set=
ac_cv_env_LIBS_value=
ac_cv_env_build_alias_set=
ac_cv_env_build_alias_value=
ac_cv_env_host_alias_set=
ac_cv_env_host_alias_value=
ac_cv_env_target_alias_set=
ac_cv_env_target_alias_value=
ac_cv_func_alloca_works=yes
ac_cv_func_closedir_void=no
ac_cv_func_endpwent=yes
ac_cv_func_fork=yes
ac_cv_func_fork_works=yes
ac_cv_func_isascii=yes
ac_cv_func_issetugid=no
ac_cv_func_lstat_dereferences_slashed_symlink=yes
ac_cv_func_memchr=yes
ac_cv_func_memset=yes
ac_cv_func_re_comp=yes
ac_cv_func_regcomp=yes
ac_cv_func_stat_empty_string_bug=no
ac_cv_func_strcasecmp=yes
ac_cv_func_strchr=yes
ac_cv_func_strcspn=yes
ac_cv_func_strdup=yes
ac_cv_func_strerror=yes
ac_cv_func_strrchr=yes
ac_cv_func_strstr=yes
ac_cv_func_strtol=yes
ac_cv_func_vfork=yes
ac_cv_func_vfork_works=yes
ac_cv_header_curses_h=yes
ac_cv_header_dirent_dirent_h=yes
ac_cv_header_fcntl_h=yes
ac_cv_header_inttypes_h=yes
ac_cv_header_limits_h=yes
ac_cv_header_malloc_h=yes
ac_cv_header_memory_h=yes
ac_cv_header_ncurses_h=yes
ac_cv_header_stdc=yes
ac_cv_header_stdint_h=yes
ac_cv_header_stdlib_h=yes
ac_cv_header_string_h=yes
ac_cv_header_strings_h=yes
ac_cv_header_sys_cdefs_h=yes
ac_cv_header_sys_ioctl_h=yes
ac_cv_header_sys_param_h=yes
ac_cv_header_sys_stat_h=yes
ac_cv_header_sys_types_h=yes
ac_cv_header_sys_wait_h=yes
ac_cv_header_term_h=yes
ac_cv_header_termios_h=yes
ac_cv_header_unistd_h=yes
ac_cv_header_vfork_h=no
ac_cv_lib_curses_tgetent=yes
ac_cv_objext=o
ac_cv_path_EGREP='/bin/grep -E'
ac_cv_path_GREP=/bin/grep
ac_cv_path_NROFF=/usr/bin/nroff
ac_cv_path_mkdir=/bin/mkdir
ac_cv_prog_AWK=gawk
ac_cv_prog_CPP='gcc -E'
ac_cv_prog_ac_ct_CC=gcc
ac_cv_prog_ac_ct_CXX=g++
ac_cv_prog_ac_ct_RANLIB=ranlib
ac_cv_prog_cc_c89=
ac_cv_prog_cc_g=yes
ac_cv_prog_cxx_g=yes
ac_cv_prog_gcc_traditional=no
ac_cv_prog_make_make_set=yes
ac_cv_search_opendir='none required'
ac_cv_type_pid_t=yes
ac_cv_type_signal=void
ac_cv_type_size_t=yes
ac_cv_type_u_int32_t=yes
ac_cv_working_alloca_h=yes
am_cv_CC_dependencies_compiler_type=none
am_cv_CXX_dependencies_compiler_type=none

## ----------------- ##
## Output variables. ##
## ----------------- ##

ACLOCAL='${SHELL} /tigress/lei/WORKFLOW/UTILS/sac-101.6a/build/libedit/libedit-20090923-3.0-sac/missing --run aclocal-1.11'
ALLOCA=''
AMDEPBACKSLASH=''
AMDEP_FALSE=''
AMDEP_TRUE='#'
AMTAR='${SHELL} /tigress/lei/WORKFLOW/UTILS/sac-101.6a/build/libedit/libedit-20090923-3.0-sac/missing --run tar'
AM_BACKSLASH='\'
AM_DEFAULT_VERBOSITY='0'
AUTOCONF='${SHELL} /tigress/lei/WORKFLOW/UTILS/sac-101.6a/build/libedit/libedit-20090923-3.0-sac/missing --run autoconf'
AUTOHEADER='${SHELL} /tigress/lei/WORKFLOW/UTILS/sac-101.6a/build/libedit/libedit-20090923-3.0-sac/missing --run autoheader'
AUTOMAKE='${SHELL} /tigress/lei/WORKFLOW/UTILS/sac-101.6a/build/libedit/libedit-20090923-3.0-sac/missing --run automake-1.11'
AWK='gawk'
CC='gcc'
CCDEPMODE='depmode=none'
CFLAGS='-D_GNU_SOURCE  -O -Wall -pipe -g3'
CPP='gcc -E'
CPPFLAGS=''
CXX='g++'
CXXDEPMODE='depmode=none'
CXXFLAGS='-g -O2'
CYGPATH_W='echo'
DEFS='-DHAVE_CONFIG_H'
DEPDIR='.deps'
ECHO_C=''
ECHO_N='-n'
ECHO_T=''
EGREP='/bin/grep -E'
EXEEXT=''
GREP='/bin/grep'
INSTALL_DATA='${INSTALL} -m 644'
INSTALL_PROGRAM='${INSTALL}'
INSTALL_SCRIPT='${INSTALL}'
INSTALL_STRIP_PROGRAM='$(install_sh) -c -s'
LDFLAGS=''
LIBOBJS=''
LIBS='-lcurses '
LN_S='ln -s'
LTLIBOBJS=''
MAKEINFO='${SHELL} /tigress/lei/WORKFLOW/UTILS/sac-101.6a/build/libedit/libedit-20090923-3.0-sac/missing --run makeinfo'
MANTYPE='mdoc'
MKDIR_P='/bin/mkdir -p'
NROFF='/usr/bin/nroff'
OBJEXT='o'
PACKAGE='libedit-20100121'
PACKAGE_BUGREPORT=''
PACKAGE_NAME='libedit'
PACKAGE_STRING='libedit 3.0'
PACKAGE_TARNAME='libedit-20100121'
PACKAGE_URL=''
PACKAGE_VERSION='3.0'
PATH_SEPARATOR=':'
RANLIB='ranlib'
SET_MAKE=''
SHELL='/bin/sh'
STRIP=''
VERSION='3.0'
ac_ct_CC='gcc'
ac_ct_CXX='g++'
am__EXEEXT_FALSE=''
am__EXEEXT_TRUE='#'
am__fastdepCC_FALSE=''
am__fastdepCC_TRUE='#'
am__fastdepCXX_FALSE=''
am__fastdepCXX_TRUE='#'
am__include='include'
am__isrc=''
am__leading_dot='.'
am__quote=''
am__tar='${AMTAR} chof - "$$tardir"'
am__untar='${AMTAR} xf -'
bindir='${exec_prefix}/bin'
build_alias=''
datadir='${datarootdir}'
datarootdir='${prefix}/share'
docdir='${datarootdir}/doc/${PACKAGE_TARNAME}'
dvidir='${docdir}'
exec_prefix='${prefix}'
host_alias=''
htmldir='${docdir}'
includedir='${prefix}/include'
infodir='${datarootdir}/info'
install_sh='${SHELL} /tigress/lei/WORKFLOW/UTILS/sac-101.6a/build/libedit/libedit-20090923-3.0-sac/install-sh'
libdir='${exec_prefix}/lib'
libexecdir='${exec_prefix}/libexec'
localedir='${datarootdir}/locale'
localstatedir='${prefix}/var'
mandir='${datarootdir}/man'
mkdir_p='/bin/mkdir -p'
oldincludedir='/usr/include'
pdfdir='${docdir}'
prefix='/tigress/lei/WORKFLOW/UTILS/sac-101.6a/build/libedit'
program_transform_name='s,x,x,'
psdir='${docdir}'
sbindir='${exec_prefix}/sbin'
sharedstatedir='${prefix}/com'
sysconfdir='${prefix}/etc'
target_alias=''

## ----------- ##
## confdefs.h. ##
## ----------- ##

/* confdefs.h */
#define PACKAGE_NAME "libedit"
#define PACKAGE_TARNAME "libedit-20100121"
#define PACKAGE_VERSION "3.0"
#define PACKAGE_STRING "libedit 3.0"
#define PACKAGE_BUGREPORT ""
#define PACKAGE_URL ""
#define PACKAGE "libedit-20100121"
#define VERSION "3.0"
#define HAVE_LIBCURSES 1
#define STDC_HEADERS 1
#define HAVE_SYS_TYPES_H 1
#define HAVE_SYS_STAT_H 1
#define HAVE_STDLIB_H 1
#define HAVE_STRING_H 1
#define HAVE_MEMORY_H 1
#define HAVE_STRINGS_H 1
#define HAVE_INTTYPES_H 1
#define HAVE_STDINT_H 1
#define HAVE_UNISTD_H 1
#define HAVE_ALLOCA_H 1
#define HAVE_ALLOCA 1
#define HAVE_DIRENT_H 1
#define STDC_HEADERS 1
#define HAVE_SYS_WAIT_H 1
#define HAVE_FCNTL_H 1
#define HAVE_LIMITS_H 1
#define HAVE_MALLOC_H 1
#define HAVE_STDLIB_H 1
#define HAVE_STRING_H 1
#define HAVE_SYS_IOCTL_H 1
#define HAVE_SYS_PARAM_H 1
#define HAVE_UNISTD_H 1
#define HAVE_CURSES_H 1
#define HAVE_NCURSES_H 1
#define HAVE_SYS_CDEFS_H 1
#define HAVE_TERM_H 1
#define HAVE_U_INT32_T 1
#define HAVE_FORK 1
#define HAVE_VFORK 1
#define HAVE_WORKING_VFORK 1
#define HAVE_WORKING_FORK 1
#define RETSIGTYPE void
#define LSTAT_FOLLOWS_SLASHED_SYMLINK 1
#define HAVE_ENDPWENT 1
#define HAVE_ISASCII 1
#define HAVE_MEMCHR 1
#define HAVE_MEMSET 1
#define HAVE_RE_COMP 1
#define HAVE_REGCOMP 1
#define HAVE_STRCASECMP 1
#define HAVE_STRCHR 1
#define HAVE_STRCSPN 1
#define HAVE_STRDUP 1
#define HAVE_STRERROR 1
#define HAVE_STRRCHR 1
#define HAVE_STRSTR 1
#define HAVE_STRTOL 1
#define HAVE_GETPW_R_POSIX 1

configure: exit 0
