This file contains any messages produced by compilers while
running configure, to aid debugging if configure makes a mistake.

It was created by Seismic Analysis Code configure 101.6a, which was
generated by GNU Autoconf 2.69.  Invocation command line was

  $ ../configure 

## --------- ##
## Platform. ##
## --------- ##

hostname = tiger1
uname -m = x86_64
uname -r = 2.6.32-431.20.3.el6.x86_64
uname -s = Linux
uname -v = #1 SMP Fri Jun 20 19:14:31 EDT 2014

/usr/bin/uname -p = unknown
/bin/uname -X     = unknown

/bin/arch              = x86_64
/usr/bin/arch -k       = unknown
/usr/convex/getsysinfo = unknown
/usr/bin/hostinfo      = unknown
/bin/machine           = unknown
/usr/bin/oslevel       = unknown
/bin/universe          = unknown

PATH: /home/lei/bin/gmt-aux-1.0/bin
PATH: /home/lei/bin/adios-1.5.0/bin
PATH: /home/lei/bin/sac/sac-101.6a/build/src
PATH: /home/lei/bin/rdseed
PATH: /usr/bin
PATH: /home/lei/bin/lib
PATH: /home/lei/bin
PATH: /usr/local/openmpi/1.6.3/intel130/x86_64/bin
PATH: /opt/intel/composer_xe_2013.1.117/bin/intel64
PATH: /opt/intel/composer_xe_2013.1.117/bin/intel64_mic
PATH: /usr/local/intel/bin
PATH: /home/lei/bin/gmt-aux-1.0/bin
PATH: /home/lei/bin/adios-1.5.0/bin
PATH: /home/lei/bin/sac-101.4/bin
PATH: /home/lei/bin/rdseed
PATH: /usr/bin
PATH: /home/lei/bin/lib
PATH: /home/lei/bin
PATH: /usr/lib64/qt-3.3/bin
PATH: /usr/local/bin
PATH: /bin
PATH: /usr/bin
PATH: /usr/local/sbin
PATH: /usr/sbin
PATH: /sbin
PATH: /opt/dell/srvadmin/bin
PATH: /home/lei/bin/sac-101.4/bin
PATH: /home/lei/bin
PATH: /home/lei/bin/sac-101.6a/bin


## ----------- ##
## Core tests. ##
## ----------- ##

configure:2360: checking whether to enable maintainer-specific portions of Makefiles
configure:2369: result: no
configure:2388: checking build system type
configure:2402: result: x86_64-unknown-linux-gnu
configure:2422: checking host system type
configure:2435: result: x86_64-unknown-linux-gnu
configure:2455: checking target system type
configure:2468: result: x86_64-unknown-linux-gnu
configure:2517: checking for a BSD-compatible install
configure:2585: result: /usr/bin/install -c
configure:2596: checking whether build environment is sane
configure:2651: result: yes
configure:2689: WARNING: 'missing' script is too old or missing
configure:2802: checking for a thread-safe mkdir -p
configure:2841: result: /bin/mkdir -p
configure:2848: checking for gawk
configure:2864: found /usr/bin/gawk
configure:2875: result: gawk
configure:2886: checking whether make sets $(MAKE)
configure:2908: result: yes
configure:2937: checking whether make supports nested variables
configure:2954: result: yes
configure:3321: checking for style of include used by make
configure:3349: result: GNU
configure:3420: checking for gcc
configure:3436: found /usr/bin/gcc
configure:3447: result: gcc
configure:3676: checking for C compiler version
configure:3685: gcc --version >&5
gcc (GCC) 4.4.7 20120313 (Red Hat 4.4.7-4)
Copyright (C) 2010 Free Software Foundation, Inc.
This is free software; see the source for copying conditions.  There is NO
warranty; not even for MERCHANTABILITY or FITNESS FOR A PARTICULAR PURPOSE.

configure:3696: $? = 0
configure:3685: gcc -v >&5
Using built-in specs.
Target: x86_64-redhat-linux
Configured with: ../configure --prefix=/usr --mandir=/usr/share/man --infodir=/usr/share/info --with-bugurl=http://bugzilla.redhat.com/bugzilla --enable-bootstrap --enable-shared --enable-threads=posix --enable-checking=release --with-system-zlib --enable-__cxa_atexit --disable-libunwind-exceptions --enable-gnu-unique-object --enable-languages=c,c++,objc,obj-c++,java,fortran,ada --enable-java-awt=gtk --disable-dssi --with-java-home=/usr/lib/jvm/java-1.5.0-gcj-1.5.0.0/jre --enable-libgcj-multifile --enable-java-maintainer-mode --with-ecj-jar=/usr/share/java/eclipse-ecj.jar --disable-libjava-multilib --with-ppl --with-cloog --with-tune=generic --with-arch_32=i686 --build=x86_64-redhat-linux
Thread model: posix
gcc version 4.4.7 20120313 (Red Hat 4.4.7-4) (GCC) 
configure:3696: $? = 0
configure:3685: gcc -V >&5
gcc: '-V' option must have argument
configure:3696: $? = 1
configure:3685: gcc -qversion >&5
gcc: unrecognized option '-qversion'
gcc: no input files
configure:3696: $? = 1
configure:3716: checking whether the C compiler works
configure:3738: gcc  -D_GNU_SOURCE    conftest.c  >&5
configure:3742: $? = 0
configure:3790: result: yes
configure:3793: checking for C compiler default output file name
configure:3795: result: a.out
configure:3801: checking for suffix of executables
configure:3808: gcc -o conftest  -D_GNU_SOURCE    conftest.c  >&5
configure:3812: $? = 0
configure:3834: result: 
configure:3856: checking whether we are cross compiling
configure:3864: gcc -o conftest  -D_GNU_SOURCE    conftest.c  >&5
configure:3868: $? = 0
configure:3875: ./conftest
configure:3879: $? = 0
configure:3894: result: no
configure:3899: checking for suffix of object files
configure:3921: gcc -c  -D_GNU_SOURCE   conftest.c >&5
configure:3925: $? = 0
configure:3946: result: o
configure:3950: checking whether we are using the GNU C compiler
configure:3969: gcc -c  -D_GNU_SOURCE   conftest.c >&5
configure:3969: $? = 0
configure:3978: result: yes
configure:3987: checking whether gcc accepts -g
configure:4007: gcc -c -g  conftest.c >&5
configure:4007: $? = 0
configure:4048: result: yes
configure:4065: checking for gcc option to accept ISO C89
configure:4128: gcc  -c  -D_GNU_SOURCE   conftest.c >&5
configure:4128: $? = 0
configure:4141: result: none needed
configure:4166: checking whether gcc understands -c and -o together
configure:4188: gcc -c conftest.c -o conftest2.o
configure:4191: $? = 0
configure:4188: gcc -c conftest.c -o conftest2.o
configure:4191: $? = 0
configure:4203: result: yes
configure:4222: checking dependency style of gcc
configure:4333: result: none
configure:4354: checking for tgoto in -lncurses
configure:4379: gcc -o conftest  -D_GNU_SOURCE    conftest.c -lncurses   >&5
configure:4379: $? = 0
configure:4389: result: yes
configure:4417: checking how to run the C preprocessor
configure:4448: gcc -E  conftest.c
configure:4448: $? = 0
configure:4462: gcc -E  conftest.c
conftest.c:13:28: error: ac_nonexistent.h: No such file or directory
configure:4462: $? = 1
configure: failed program was:
| /* confdefs.h */
| #define PACKAGE_NAME "Seismic Analysis Code"
| #define PACKAGE_TARNAME "sac"
| #define PACKAGE_VERSION "101.6a"
| #define PACKAGE_STRING "Seismic Analysis Code 101.6a"
| #define PACKAGE_BUGREPORT "sac-help@iris.washington.edu"
| #define PACKAGE_URL ""
| #define PACKAGE "sac"
| #define VERSION "101.6a"
| #define LINUX 1
| #define READLINE 1
| /* end confdefs.h.  */
| #include <ac_nonexistent.h>
configure:4487: result: gcc -E
configure:4507: gcc -E  conftest.c
configure:4507: $? = 0
configure:4521: gcc -E  conftest.c
conftest.c:13:28: error: ac_nonexistent.h: No such file or directory
configure:4521: $? = 1
configure: failed program was:
| /* confdefs.h */
| #define PACKAGE_NAME "Seismic Analysis Code"
| #define PACKAGE_TARNAME "sac"
| #define PACKAGE_VERSION "101.6a"
| #define PACKAGE_STRING "Seismic Analysis Code 101.6a"
| #define PACKAGE_BUGREPORT "sac-help@iris.washington.edu"
| #define PACKAGE_URL ""
| #define PACKAGE "sac"
| #define VERSION "101.6a"
| #define LINUX 1
| #define READLINE 1
| /* end confdefs.h.  */
| #include <ac_nonexistent.h>
configure:4550: checking for grep that handles long lines and -e
configure:4608: result: /bin/grep
configure:4613: checking for egrep
configure:4675: result: /bin/grep -E
configure:4680: checking for ANSI C header files
configure:4700: gcc -c  -D_GNU_SOURCE   conftest.c >&5
configure:4700: $? = 0
configure:4773: gcc -o conftest  -D_GNU_SOURCE    conftest.c -lncurses  >&5
configure:4773: $? = 0
configure:4773: ./conftest
configure:4773: $? = 0
configure:4784: result: yes
configure:4797: checking for sys/types.h
configure:4797: gcc -c  -D_GNU_SOURCE   conftest.c >&5
configure:4797: $? = 0
configure:4797: result: yes
configure:4797: checking for sys/stat.h
configure:4797: gcc -c  -D_GNU_SOURCE   conftest.c >&5
configure:4797: $? = 0
configure:4797: result: yes
configure:4797: checking for stdlib.h
configure:4797: gcc -c  -D_GNU_SOURCE   conftest.c >&5
configure:4797: $? = 0
configure:4797: result: yes
configure:4797: checking for string.h
configure:4797: gcc -c  -D_GNU_SOURCE   conftest.c >&5
configure:4797: $? = 0
configure:4797: result: yes
configure:4797: checking for memory.h
configure:4797: gcc -c  -D_GNU_SOURCE   conftest.c >&5
configure:4797: $? = 0
configure:4797: result: yes
configure:4797: checking for strings.h
configure:4797: gcc -c  -D_GNU_SOURCE   conftest.c >&5
configure:4797: $? = 0
configure:4797: result: yes
configure:4797: checking for inttypes.h
configure:4797: gcc -c  -D_GNU_SOURCE   conftest.c >&5
configure:4797: $? = 0
configure:4797: result: yes
configure:4797: checking for stdint.h
configure:4797: gcc -c  -D_GNU_SOURCE   conftest.c >&5
configure:4797: $? = 0
configure:4797: result: yes
configure:4797: checking for unistd.h
configure:4797: gcc -c  -D_GNU_SOURCE   conftest.c >&5
configure:4797: $? = 0
configure:4797: result: yes
configure:5333: checking for Matlab libraries
configure:5335: result: Not checked for
configure:5477: checking for gcc
configure:5504: result: gcc
configure:5733: checking for C compiler version
configure:5742: gcc --version >&5
gcc (GCC) 4.4.7 20120313 (Red Hat 4.4.7-4)
Copyright (C) 2010 Free Software Foundation, Inc.
This is free software; see the source for copying conditions.  There is NO
warranty; not even for MERCHANTABILITY or FITNESS FOR A PARTICULAR PURPOSE.

configure:5753: $? = 0
configure:5742: gcc -v >&5
Using built-in specs.
Target: x86_64-redhat-linux
Configured with: ../configure --prefix=/usr --mandir=/usr/share/man --infodir=/usr/share/info --with-bugurl=http://bugzilla.redhat.com/bugzilla --enable-bootstrap --enable-shared --enable-threads=posix --enable-checking=release --with-system-zlib --enable-__cxa_atexit --disable-libunwind-exceptions --enable-gnu-unique-object --enable-languages=c,c++,objc,obj-c++,java,fortran,ada --enable-java-awt=gtk --disable-dssi --with-java-home=/usr/lib/jvm/java-1.5.0-gcj-1.5.0.0/jre --enable-libgcj-multifile --enable-java-maintainer-mode --with-ecj-jar=/usr/share/java/eclipse-ecj.jar --disable-libjava-multilib --with-ppl --with-cloog --with-tune=generic --with-arch_32=i686 --build=x86_64-redhat-linux
Thread model: posix
gcc version 4.4.7 20120313 (Red Hat 4.4.7-4) (GCC) 
configure:5753: $? = 0
configure:5742: gcc -V >&5
gcc: '-V' option must have argument
configure:5753: $? = 1
configure:5742: gcc -qversion >&5
gcc: unrecognized option '-qversion'
gcc: no input files
configure:5753: $? = 1
configure:5757: checking whether we are using the GNU C compiler
configure:5785: result: yes
configure:5794: checking whether gcc accepts -g
configure:5855: result: yes
configure:5872: checking for gcc option to accept ISO C89
configure:5948: result: none needed
configure:5973: checking whether gcc understands -c and -o together
configure:6010: result: yes
configure:6029: checking dependency style of gcc
configure:6140: result: none
configure:6157: checking whether ln -s works
configure:6161: result: yes
configure:6170: checking for a sed that does not truncate output
configure:6234: result: /bin/sed
configure:6296: checking for f77
configure:6312: found /usr/bin/f77
configure:6323: result: f77
configure:6349: checking for Fortran 77 compiler version
configure:6358: f77 --version >&5
GNU Fortran (GCC) 3.4.6 20060404 (Red Hat 3.4.6-19.el6)
Copyright (C) 2006 Free Software Foundation, Inc.

GNU Fortran comes with NO WARRANTY, to the extent permitted by law.
You may redistribute copies of GNU Fortran
under the terms of the GNU General Public License.
For more information about these matters, see the file named COPYING
or type the command `info -f g77 Copying'.
configure:6369: $? = 0
configure:6358: f77 -v >&5
Reading specs from /usr/lib/gcc/x86_64-redhat-linux/3.4.6/specs
Configured with: ../configure --prefix=/usr --mandir=/usr/share/man --infodir=/usr/share/info --enable-shared --enable-threads=posix --disable-checking --with-system-zlib --enable-__cxa_atexit --disable-libunwind-exceptions --enable-languages=c,c++,f77 --disable-libgcj --host=x86_64-redhat-linux
Thread model: posix
gcc version 3.4.6 20060404 (Red Hat 3.4.6-19.el6)
configure:6369: $? = 0
configure:6358: f77 -V >&5
f77: `-V' option must have argument
configure:6369: $? = 1
configure:6358: f77 -qversion >&5
f77: unrecognized option `-qversion'
f77: no input files
configure:6369: $? = 1
configure:6378: checking whether we are using the GNU Fortran 77 compiler
configure:6391: f77 -c  conftest.F >&5
configure:6391: $? = 0
configure:6400: result: yes
configure:6406: checking whether f77 accepts -g
configure:6417: f77 -c -g conftest.f >&5
configure:6417: $? = 0
configure:6425: result: yes
configure:6466: checking for X
configure:6574: gcc -E  conftest.c
configure:6574: $? = 0
configure:6605: gcc -o conftest  -D_GNU_SOURCE    conftest.c -lX11 -lncurses  >&5
configure:6605: $? = 0
configure:6655: result: libraries , headers 
configure:6754: gcc -o conftest  -D_GNU_SOURCE    conftest.c -lncurses   -lX11 >&5
configure:6754: $? = 0
configure:6852: checking for gethostbyname
configure:6852: gcc -o conftest  -D_GNU_SOURCE    conftest.c -lncurses  >&5
configure:6852: $? = 0
configure:6852: result: yes
configure:6949: checking for connect
configure:6949: gcc -o conftest  -D_GNU_SOURCE    conftest.c -lncurses  >&5
configure:6949: $? = 0
configure:6949: result: yes
configure:6998: checking for remove
configure:6998: gcc -o conftest  -D_GNU_SOURCE    conftest.c -lncurses  >&5
configure:6998: $? = 0
configure:6998: result: yes
configure:7047: checking for shmat
configure:7047: gcc -o conftest  -D_GNU_SOURCE    conftest.c -lncurses  >&5
configure:7047: $? = 0
configure:7047: result: yes
configure:7105: checking for IceConnectionNumber in -lICE
configure:7130: gcc -o conftest  -D_GNU_SOURCE    conftest.c -lICE  -lncurses  >&5
configure:7130: $? = 0
configure:7139: result: yes
configure:7208: checking for pkg-config
configure:7226: found /usr/bin/pkg-config
configure:7238: result: /usr/bin/pkg-config
configure:7263: checking pkg-config is at least version 0.9.0
configure:7266: result: yes
configure:7436: checking for xpm
configure:7443: $PKG_CONFIG --exists --print-errors "xpm"
Package xpm was not found in the pkg-config search path.
Perhaps you should add the directory containing `xpm.pc'
to the PKG_CONFIG_PATH environment variable
No package 'xpm' found
configure:7446: $? = 1
configure:7460: $PKG_CONFIG --exists --print-errors "xpm"
Package xpm was not found in the pkg-config search path.
Perhaps you should add the directory containing `xpm.pc'
to the PKG_CONFIG_PATH environment variable
No package 'xpm' found
configure:7463: $? = 1
configure:7477: result: no
No package 'xpm' found
configure:7520: checking for XpmWriteFileFromPixmap in -lXpm
configure:7545: gcc -o conftest  -D_GNU_SOURCE    conftest.c -lXpm     -lncurses  >&5
/usr/bin/ld: cannot find -lXpm
collect2: ld returned 1 exit status
configure:7545: $? = 1
configure: failed program was:
| /* confdefs.h */
| #define PACKAGE_NAME "Seismic Analysis Code"
| #define PACKAGE_TARNAME "sac"
| #define PACKAGE_VERSION "101.6a"
| #define PACKAGE_STRING "Seismic Analysis Code 101.6a"
| #define PACKAGE_BUGREPORT "sac-help@iris.washington.edu"
| #define PACKAGE_URL ""
| #define PACKAGE "sac"
| #define VERSION "101.6a"
| #define LINUX 1
| #define READLINE 1
| #define STDC_HEADERS 1
| #define HAVE_SYS_TYPES_H 1
| #define HAVE_SYS_STAT_H 1
| #define HAVE_STDLIB_H 1
| #define HAVE_STRING_H 1
| #define HAVE_MEMORY_H 1
| #define HAVE_STRINGS_H 1
| #define HAVE_INTTYPES_H 1
| #define HAVE_STDINT_H 1
| #define HAVE_UNISTD_H 1
| #define HAVE_LIBRPC_DISABLED 1
| #define USE_X11_DOUBLE_BUFFER 1
| #define USE_X11_MULTIPLE_DEPTHS 1
| #define DATABASE_DISABLED 1
| /* end confdefs.h.  */
| 
| /* Override any GCC internal prototype to avoid an error.
|    Use char because int might match the return type of a GCC
|    builtin and then its argument prototype would still apply.  */
| #ifdef __cplusplus
| extern "C"
| #endif
| char XpmWriteFileFromPixmap ();
| int
| main ()
| {
| return XpmWriteFileFromPixmap ();
|   ;
|   return 0;
| }
configure:7554: result: no
configure:7747: checking for zlib
configure:7754: $PKG_CONFIG --exists --print-errors "zlib"
configure:7757: $? = 0
configure:7771: $PKG_CONFIG --exists --print-errors "zlib"
configure:7774: $? = 0
configure:7820: result: yes
configure:8200: checking for ranlib
configure:8216: found /usr/bin/ranlib
configure:8227: result: ranlib
configure:8258: checking for inttypes.h
configure:8258: result: yes
configure:8258: checking limits.h usability
configure:8258: gcc -c  -D_GNU_SOURCE   conftest.c >&5
configure:8258: $? = 0
configure:8258: result: yes
configure:8258: checking limits.h presence
configure:8258: gcc -E  conftest.c
configure:8258: $? = 0
configure:8258: result: yes
configure:8258: checking for limits.h
configure:8258: result: yes
configure:8258: checking for stdint.h
configure:8258: result: yes
configure:8270: checking whether termios.h defines TIOCGWINSZ
configure:8293: result: no
configure:8297: checking whether sys/ioctl.h defines TIOCGWINSZ
configure:8320: result: yes
configure:8332: checking for sin in -lm
configure:8357: gcc -o conftest  -D_GNU_SOURCE    conftest.c -lm  -lncurses  >&5
conftest.c:39: warning: conflicting types for built-in function 'sin'
configure:8357: $? = 0
configure:8366: result: yes
configure:8379: checking for dlopen in -ldl
configure:8404: gcc -o conftest  -D_GNU_SOURCE    conftest.c -ldl  -lm -lncurses  >&5
configure:8404: $? = 0
configure:8413: result: yes
configure:8426: checking for lround
configure:8426: gcc -o conftest  -D_GNU_SOURCE    conftest.c -ldl -lm -lncurses  >&5
conftest.c:57: warning: conflicting types for built-in function 'lround'
configure:8426: $? = 0
configure:8426: result: yes
configure:8437: checking for round
configure:8437: gcc -o conftest  -D_GNU_SOURCE    conftest.c -ldl -lm -lncurses  >&5
conftest.c:58: warning: conflicting types for built-in function 'round'
configure:8437: $? = 0
configure:8437: result: yes
configure:8448: checking for copysign
configure:8448: gcc -o conftest  -D_GNU_SOURCE    conftest.c -ldl -lm -lncurses  >&5
conftest.c:59: warning: conflicting types for built-in function 'copysign'
configure:8448: $? = 0
configure:8448: result: yes
configure:8459: checking for fmin
configure:8459: gcc -o conftest  -D_GNU_SOURCE    conftest.c -ldl -lm -lncurses  >&5
conftest.c:60: warning: conflicting types for built-in function 'fmin'
configure:8459: $? = 0
configure:8459: result: yes
configure:8470: checking for fmax
configure:8470: gcc -o conftest  -D_GNU_SOURCE    conftest.c -ldl -lm -lncurses  >&5
conftest.c:61: warning: conflicting types for built-in function 'fmax'
configure:8470: $? = 0
configure:8470: result: yes
configure:8481: checking for tolower
configure:8481: gcc -o conftest  -D_GNU_SOURCE    conftest.c -ldl -lm -lncurses  >&5
conftest.c:62: warning: conflicting types for built-in function 'tolower'
configure:8481: $? = 0
configure:8481: result: yes
configure:8492: checking for toupper
configure:8492: gcc -o conftest  -D_GNU_SOURCE    conftest.c -ldl -lm -lncurses  >&5
conftest.c:63: warning: conflicting types for built-in function 'toupper'
configure:8492: $? = 0
configure:8492: result: yes
configure:8503: checking for strtof
configure:8503: gcc -o conftest  -D_GNU_SOURCE    conftest.c -ldl -lm -lncurses  >&5
configure:8503: $? = 0
configure:8503: result: yes
configure:8513: checking for setenv
configure:8513: gcc -o conftest  -D_GNU_SOURCE    conftest.c -ldl -lm -lncurses  >&5
configure:8513: $? = 0
configure:8513: result: yes
configure:8533: checking for vasprintf
configure:8533: gcc -o conftest  -D_GNU_SOURCE    conftest.c -ldl -lm -lncurses  >&5
configure:8533: $? = 0
configure:8533: result: yes
configure:8544: checking for strsep
configure:8544: gcc -o conftest  -D_GNU_SOURCE    conftest.c -ldl -lm -lncurses  >&5
configure:8544: $? = 0
configure:8544: result: yes
configure:8555: checking for mkstemps
configure:8555: gcc -o conftest  -D_GNU_SOURCE    conftest.c -ldl -lm -lncurses  >&5
configure:8555: $? = 0
configure:8555: result: yes
configure:8693: checking that generated files are newer than configure
configure:8699: result: done
configure:8750: creating ./config.status

## ---------------------- ##
## Running config.status. ##
## ---------------------- ##

This file was extended by Seismic Analysis Code config.status 101.6a, which was
generated by GNU Autoconf 2.69.  Invocation command line was

  CONFIG_FILES    = 
  CONFIG_HEADERS  = 
  CONFIG_LINKS    = 
  CONFIG_COMMANDS = 
  $ ./config.status 

on tiger1

config.status:940: creating src/Makefile
config.status:940: creating utils/Makefile
config.status:940: creating libedit/Makefile
config.status:940: creating t/Makefile
config.status:940: creating Makefile
config.status:940: creating inc/config.h
config.status:1106: inc/config.h is unchanged
config.status:1154: executing depfiles commands
configure:10092:

Compilation Options for sac (Seismic Analysis Code 101.6a)

CFLAGS         =  -D_GNU_SOURCE 
LDFLAGS        = 
LIBS           = -ldl -lm -lncurses 
Debug          =  
Optimization   = 
Database       = off
Matlab         = off
X11-buffer     = on
X11-depth      = on
XDR Format     = off
Support        = zlib 
X_LIBS         = 
X_CFLAGS       = 
Readline       = off
Editline       = on
Install Base   = /usr/local/sac
System         = linux_x86_64 (x86_64-unknown-linux-gnu)

To compile sac type make 

## ---------------- ##
## Cache variables. ##
## ---------------- ##

ac_cv_build=x86_64-unknown-linux-gnu
ac_cv_c_compiler_gnu=yes
ac_cv_env_CC_set=
ac_cv_env_CC_value=
ac_cv_env_CFLAGS_set=
ac_cv_env_CFLAGS_value=
ac_cv_env_CPPFLAGS_set=
ac_cv_env_CPPFLAGS_value=
ac_cv_env_CPP_set=
ac_cv_env_CPP_value=
ac_cv_env_F77_set=
ac_cv_env_F77_value=
ac_cv_env_FFLAGS_set=
ac_cv_env_FFLAGS_value=
ac_cv_env_LDFLAGS_set=
ac_cv_env_LDFLAGS_value=
ac_cv_env_LIBS_set=
ac_cv_env_LIBS_value=
ac_cv_env_MATLAB_BIN_set=
ac_cv_env_MATLAB_BIN_value=
ac_cv_env_MATLAB_DIR_set=
ac_cv_env_MATLAB_DIR_value=
ac_cv_env_PKG_CONFIG_LIBDIR_set=
ac_cv_env_PKG_CONFIG_LIBDIR_value=
ac_cv_env_PKG_CONFIG_PATH_set=
ac_cv_env_PKG_CONFIG_PATH_value=
ac_cv_env_PKG_CONFIG_set=
ac_cv_env_PKG_CONFIG_value=
ac_cv_env_XMKMF_set=
ac_cv_env_XMKMF_value=
ac_cv_env_build_alias_set=
ac_cv_env_build_alias_value=
ac_cv_env_host_alias_set=
ac_cv_env_host_alias_value=
ac_cv_env_png_CFLAGS_set=
ac_cv_env_png_CFLAGS_value=
ac_cv_env_png_LIBS_set=
ac_cv_env_png_LIBS_value=
ac_cv_env_target_alias_set=
ac_cv_env_target_alias_value=
ac_cv_env_xft_CFLAGS_set=
ac_cv_env_xft_CFLAGS_value=
ac_cv_env_xft_LIBS_set=
ac_cv_env_xft_LIBS_value=
ac_cv_env_xpm_CFLAGS_set=
ac_cv_env_xpm_CFLAGS_value=
ac_cv_env_xpm_LIBS_set=
ac_cv_env_xpm_LIBS_value=
ac_cv_env_zlib_CFLAGS_set=
ac_cv_env_zlib_CFLAGS_value=
ac_cv_env_zlib_LIBS_set=
ac_cv_env_zlib_LIBS_value=
ac_cv_f77_compiler_gnu=yes
ac_cv_func_connect=yes
ac_cv_func_copysign=yes
ac_cv_func_fmax=yes
ac_cv_func_fmin=yes
ac_cv_func_gethostbyname=yes
ac_cv_func_lround=yes
ac_cv_func_mkstemps=yes
ac_cv_func_remove=yes
ac_cv_func_round=yes
ac_cv_func_setenv=yes
ac_cv_func_shmat=yes
ac_cv_func_strsep=yes
ac_cv_func_strtof=yes
ac_cv_func_tolower=yes
ac_cv_func_toupper=yes
ac_cv_func_vasprintf=yes
ac_cv_have_x='have_x=yes	ac_x_includes='\'''\''	ac_x_libraries='\'''\'''
ac_cv_header_inttypes_h=yes
ac_cv_header_limits_h=yes
ac_cv_header_memory_h=yes
ac_cv_header_stdc=yes
ac_cv_header_stdint_h=yes
ac_cv_header_stdlib_h=yes
ac_cv_header_string_h=yes
ac_cv_header_strings_h=yes
ac_cv_header_sys_stat_h=yes
ac_cv_header_sys_types_h=yes
ac_cv_header_unistd_h=yes
ac_cv_host=x86_64-unknown-linux-gnu
ac_cv_lib_ICE_IceConnectionNumber=yes
ac_cv_lib_Xpm_XpmWriteFileFromPixmap=no
ac_cv_lib_dl_dlopen=yes
ac_cv_lib_m_sin=yes
ac_cv_lib_ncurses___tgoto=yes
ac_cv_objext=o
ac_cv_path_EGREP='/bin/grep -E'
ac_cv_path_GREP=/bin/grep
ac_cv_path_SED=/bin/sed
ac_cv_path_ac_pt_PKG_CONFIG=/usr/bin/pkg-config
ac_cv_path_install='/usr/bin/install -c'
ac_cv_path_mkdir=/bin/mkdir
ac_cv_prog_AWK=gawk
ac_cv_prog_CPP='gcc -E'
ac_cv_prog_ac_ct_CC=gcc
ac_cv_prog_ac_ct_F77=f77
ac_cv_prog_ac_ct_RANLIB=ranlib
ac_cv_prog_cc_c89=
ac_cv_prog_cc_g=yes
ac_cv_prog_f77_g=yes
ac_cv_prog_make_make_set=yes
ac_cv_sys_tiocgwinsz_in_sys_ioctl_h=yes
ac_cv_sys_tiocgwinsz_in_termios_h=no
ac_cv_target=x86_64-unknown-linux-gnu
am_cv_CC_dependencies_compiler_type=none
am_cv_make_support_nested_variables=yes
am_cv_prog_cc_c_o=yes
pkg_cv_zlib_CFLAGS=' '
pkg_cv_zlib_LIBS='-lz  '

## ----------------- ##
## Output variables. ##
## ----------------- ##

ACLOCAL='aclocal-1.14'
AMDEPBACKSLASH='\'
AMDEP_FALSE='#'
AMDEP_TRUE=''
AMTAR='$${TAR-tar}'
AM_BACKSLASH='\'
AM_DEFAULT_V='$(AM_DEFAULT_VERBOSITY)'
AM_DEFAULT_VERBOSITY='1'
AM_V='$(V)'
AUTOCONF='autoconf'
AUTOHEADER='autoheader'
AUTOMAKE='automake-1.14'
AWK='gawk'
BINARY_DIST='linux_x86_64'
CC='gcc'
CCDEPMODE='depmode=none'
CFLAGS=' -D_GNU_SOURCE '
COVERAGE=''
CPP='gcc -E'
CPPFLAGS=''
CURSES_SEARCH_PATH='ncurses curses termcap'
CYGPATH_W='echo'
CYGWIN_SYSTEM_FALSE=''
CYGWIN_SYSTEM_TRUE='#'
DATABASE_FALSE=''
DATABASE_TRUE='#'
DEBUG=''
DEFS='-DHAVE_CONFIG_H'
DEPDIR='.deps'
ECHO_C=''
ECHO_N='-n'
ECHO_T=''
EDITLINE_FALSE='#'
EDITLINE_TRUE=''
EGREP='/bin/grep -E'
EXEEXT=''
F77='f77'
FFLAGS='-g -O2'
GREP='/bin/grep'
HAVE_F77_FALSE='#'
HAVE_F77_TRUE=''
INSTALL_DATA='${INSTALL} -m 644'
INSTALL_PROGRAM='${INSTALL}'
INSTALL_SCRIPT='${INSTALL}'
INSTALL_STRIP_PROGRAM='$(install_sh) -c -s'
LDFLAGS=''
LIBOBJS=''
LIBS='-ldl -lm -lncurses '
LN_S='ln -s'
LTLIBOBJS=''
MAINT='#'
MAINTAINER_MODE_FALSE=''
MAINTAINER_MODE_TRUE='#'
MAKEINFO='makeinfo'
MATLAB_BIN=''
MATLAB_DIR=''
MKDIR_P='/bin/mkdir -p'
OBJEXT='o'
OPTIM=''
PACKAGE='sac'
PACKAGE_BUGREPORT='sac-help@iris.washington.edu'
PACKAGE_NAME='Seismic Analysis Code'
PACKAGE_STRING='Seismic Analysis Code 101.6a'
PACKAGE_TARNAME='sac'
PACKAGE_URL=''
PACKAGE_VERSION='101.6a'
PATH_SEPARATOR=':'
PKG_CONFIG='/usr/bin/pkg-config'
PKG_CONFIG_LIBDIR=''
PKG_CONFIG_PATH=''
PNG=''
RANLIB='ranlib'
READLINE_FALSE=''
READLINE_TRUE='#'
SED='/bin/sed'
SET_MAKE=''
SHELL='/bin/sh'
STRIP=''
VERSION='101.6a'
WINAUX_NOT_AUX_FALSE=''
WINAUX_NOT_AUX_TRUE='#'
XMKMF=''
XPM=''
X_CFLAGS=''
X_EXTRA_LIBS=''
X_LIBS=''
X_PRE_LIBS=' -lSM -lICE'
ac_ct_CC='gcc'
ac_ct_F77='f77'
am__EXEEXT_FALSE=''
am__EXEEXT_TRUE='#'
am__fastdepCC_FALSE=''
am__fastdepCC_TRUE='#'
am__include='include'
am__isrc=' -I$(srcdir)'
am__leading_dot='.'
am__nodep='_no'
am__quote=''
am__tar='$${TAR-tar} chof - "$$tardir"'
am__untar='$${TAR-tar} xf -'
bindir='${exec_prefix}/bin'
build='x86_64-unknown-linux-gnu'
build_alias=''
build_cpu='x86_64'
build_os='linux-gnu'
build_vendor='unknown'
datadir='${datarootdir}'
datarootdir='${prefix}/share'
docdir='${datarootdir}/doc/${PACKAGE_TARNAME}'
dvidir='${docdir}'
exec_prefix='${prefix}'
host='x86_64-unknown-linux-gnu'
host_alias=''
host_cpu='x86_64'
host_os='linux-gnu'
host_vendor='unknown'
htmldir='${docdir}'
includedir='${prefix}/include'
infodir='${datarootdir}/info'
install_sh='${SHELL} /tigress/lei/WORKFLOW/UTILS/sac-101.6a/config/install-sh'
libdir='${exec_prefix}/lib'
libexecdir='${exec_prefix}/libexec'
localedir='${datarootdir}/locale'
localstatedir='${prefix}/var'
mandir='${datarootdir}/man'
mkdir_p='$(MKDIR_P)'
oldincludedir='/usr/include'
pdfdir='${docdir}'
png_CFLAGS=''
png_LIBS=''
prefix='/usr/local/sac'
program_transform_name='s,x,x,'
psdir='${docdir}'
sbindir='${exec_prefix}/sbin'
sharedstatedir='${prefix}/com'
sysconfdir='${prefix}/etc'
target='x86_64-unknown-linux-gnu'
target_alias=''
target_cpu='x86_64'
target_os='linux-gnu'
target_vendor='unknown'
xft_CFLAGS=''
xft_LIBS=''
xpm_CFLAGS=''
xpm_LIBS=''
zlib_CFLAGS=' '
zlib_LIBS='-lz  '

## ----------- ##
## confdefs.h. ##
## ----------- ##

/* confdefs.h */
#define PACKAGE_NAME "Seismic Analysis Code"
#define PACKAGE_TARNAME "sac"
#define PACKAGE_VERSION "101.6a"
#define PACKAGE_STRING "Seismic Analysis Code 101.6a"
#define PACKAGE_BUGREPORT "sac-help@iris.washington.edu"
#define PACKAGE_URL ""
#define PACKAGE "sac"
#define VERSION "101.6a"
#define LINUX 1
#define READLINE 1
#define STDC_HEADERS 1
#define HAVE_SYS_TYPES_H 1
#define HAVE_SYS_STAT_H 1
#define HAVE_STDLIB_H 1
#define HAVE_STRING_H 1
#define HAVE_MEMORY_H 1
#define HAVE_STRINGS_H 1
#define HAVE_INTTYPES_H 1
#define HAVE_STDINT_H 1
#define HAVE_UNISTD_H 1
#define HAVE_LIBRPC_DISABLED 1
#define USE_X11_DOUBLE_BUFFER 1
#define USE_X11_MULTIPLE_DEPTHS 1
#define DATABASE_DISABLED 1
#define HAVE_ZLIB 1
#define HAVE_INTTYPES_H 1
#define HAVE_LIMITS_H 1
#define HAVE_STDINT_H 1
#define GWINSZ_IN_SYS_IOCTL 1
#define HAVE_LIBM 1
#define HAVE_LIBDL 1
#define HAVE_FUNC_LROUND 1
#define HAVE_FUNC_ROUND 1
#define HAVE_FUNC_COPYSIGN 1
#define HAVE_FUNC_FMIN 1
#define HAVE_FUNC_FMAX 1
#define HAVE_FUNC_TOLOWER 1
#define HAVE_FUNC_TOUPPER 1
#define HAVE_FUNC_STRTOF 1
#define HAVE_FUNC_SETENV 1
#define HAVE_FUNC_VASPRINTF 1
#define HAVE_FUNC_STRSEP 1
#define HAVE_FUNC_MKSTEMPS 1
#define BUILD_DATE "07/22/2014"

configure: exit 0
