
   142   71   6371.00
    1   6371.00    5.5000    3.1800
    2   6365.50    5.5000    3.1800
    3   6365.50    6.3000    3.6400
    4   6355.00    6.3000    3.6400
    5   6355.00    6.7000    3.8700
    6   6336.00    6.7000    3.8700
    7   6336.00    7.8000    4.5000
    8   6293.50    7.9250    4.5000
    9   6251.00    8.0500    4.5000
   10   6251.00    8.0500    4.5000
   11   6206.00    8.1750    4.5090
   12   6161.00    8.3000    4.5180
   13   6161.00    8.3000    4.5220
   14   6111.00    8.4825    4.6090
   15   6061.00    8.6650    4.6960
   16   6011.00    8.8475    4.7830
   17   5961.00    9.0300    4.8700
   18   5961.00    9.3600    5.0700
   19   5911.00    9.5280    5.1760
   20   5861.00    9.6960    5.2820
   21   5811.00    9.8640    5.3880
   22   5761.00   10.0320    5.4940
   23   5711.00   10.2000    5.6000
   24   5711.00   10.7900    5.9500
   25   5661.00   10.9229    6.0797
   26   5611.00   11.0558    6.2095
   27   5611.00   11.0558    6.2095
   28   5561.50   11.1440    6.2474
   29   5512.00   11.2300    6.2841
   30   5462.50   11.3140    6.3199
   31   5413.00   11.3960    6.3546
   32   5363.50   11.4761    6.3883
   33   5314.00   11.5543    6.4211
   34   5264.50   11.6308    6.4530
   35   5215.00   11.7055    6.4841
   36   5165.50   11.7787    6.5143
   37   5116.00   11.8504    6.5438
   38   5066.50   11.9205    6.5725
   39   5017.00   11.9893    6.6006
   40   4967.50   12.0568    6.6280
   41   4918.00   12.1231    6.6547
   42   4868.50   12.1881    6.6809
   43   4819.00   12.2521    6.7066
   44   4769.50   12.3151    6.7317
   45   4720.00   12.3772    6.7564
   46   4670.50   12.4383    6.7807
   47   4621.00   12.4987    6.8046
   48   4571.50   12.5584    6.8282
   49   4522.00   12.6174    6.8514
   50   4472.50   12.6759    6.8745
   51   4423.00   12.7339    6.8972
   52   4373.50   12.7915    6.9199
   53   4324.00   12.8487    6.9423
   54   4274.50   12.9057    6.9647
   55   4225.00   12.9625    6.9870
   56   4175.50   13.0192    7.0093
   57   4126.00   13.0758    7.0316
   58   4076.50   13.1325    7.0540
   59   4027.00   13.1892    7.0765
   60   3977.50   13.2462    7.0991
   61   3928.00   13.3034    7.1218
   62   3878.50   13.3610    7.1449
   63   3829.00   13.4189    7.1681
   64   3779.50   13.4774    7.1917
   65   3730.00   13.5364    7.2156
   66   3680.50   13.5961    7.2398
   67   3631.00   13.6564    7.2645
   68   3631.00   13.6564    7.2645
   69   3581.33   13.6679    7.2768
   70   3531.67   13.6793    7.2892
   71   3482.00   13.6908    7.3015
   72   3482.00    8.0088    8.0088
   73   3431.67    8.0963    8.0963
   74   3381.34    8.1821    8.1821
   75   3331.01    8.2662    8.2662
   76   3280.68    8.3486    8.3486
   77   3230.34    8.4293    8.4293
   78   3180.01    8.5083    8.5083
   79   3129.68    8.5856    8.5856
   80   3079.35    8.6611    8.6611
   81   3029.02    8.7350    8.7350
   82   2978.69    8.8072    8.8072
   83   2928.36    8.8776    8.8776
   84   2878.03    8.9464    8.9464
   85   2827.70    9.0134    9.0134
   86   2777.36    9.0787    9.0787
   87   2727.03    9.1424    9.1424
   88   2676.70    9.2043    9.2043
   89   2626.37    9.2645    9.2645
   90   2576.04    9.3230    9.3230
   91   2525.71    9.3798    9.3798
   92   2475.38    9.4349    9.4349
   93   2425.05    9.4883    9.4883
   94   2374.72    9.5400    9.5400
   95   2324.38    9.5900    9.5900
   96   2274.05    9.6382    9.6382
   97   2223.72    9.6848    9.6848
   98   2173.39    9.7297    9.7297
   99   2123.06    9.7728    9.7728
  100   2072.73    9.8143    9.8143
  101   2022.40    9.8540    9.8540
  102   1972.07    9.8920    9.8920
  103   1921.74    9.9284    9.9284
  104   1871.40    9.9630    9.9630
  105   1821.07    9.9959    9.9959
  106   1770.74   10.0271   10.0271
  107   1720.41   10.0566   10.0566
  108   1670.08   10.0844   10.0844
  109   1619.75   10.1105   10.1105
  110   1569.42   10.1349   10.1349
  111   1519.09   10.1576   10.1576
  112   1468.76   10.1785   10.1785
  113   1418.42   10.1978   10.1978
  114   1368.09   10.2154   10.2154
  115   1317.76   10.2312   10.2312
  116   1267.43   10.2454   10.2454
  117   1217.10   10.2578   10.2578
  118   1217.10   10.9714   10.9714
  119   1166.39   10.9836   10.9836
  120   1115.68   10.9953   10.9953
  121   1064.96   11.0065   11.0065
  122   1014.25   11.0171   11.0171
  123    963.54   11.0272   11.0272
  124    912.83   11.0368   11.0368
  125    862.11   11.0459   11.0459
  126    811.40   11.0545   11.0545
  127    760.69   11.0625   11.0625
  128    709.98   11.0701   11.0701
  129    659.26   11.0771   11.0771
  130    608.55   11.0836   11.0836
  131    557.84   11.0895   11.0895
  132    507.13   11.0950   11.0950
  133    456.41   11.0999   11.0999
  134    405.70   11.1043   11.1043
  135    354.99   11.1082   11.1082
  136    304.28   11.1116   11.1116
  137    253.56   11.1145   11.1145
  138    202.85   11.1168   11.1168
  139    152.14   11.1186   11.1186
  140    101.43   11.1199   11.1199
  141     50.71   11.1207   11.1207
  142      0.00   11.1209   11.1209

     1   6371.00      0.00    0.578182    1.000000
     2   6365.50     -5.50    0.577683    0.999137
     3   6365.50     -5.50    0.504326    0.872872
     4   6355.00    -16.02    0.503494    0.871432
     5   6355.00    -16.02    0.473435    0.819642
     6   6336.00    -35.10    0.472019    0.817191
     7   6336.00    -35.10    0.405452    0.702785
     8   6293.50    -77.98    0.396381    0.698070
     9   6251.00   -121.14    0.387591    0.693356
    10   6251.00   -121.14    0.387591    0.693356
    11   6206.00   -167.17    0.378916    0.686991
    12   6161.00   -213.54    0.370504    0.680651
    13   6161.00   -213.54    0.370504    0.680047
    14   6111.00   -265.45    0.359590    0.661798
    15   6061.00   -317.80    0.349137    0.644222
    16   6011.00   -370.57    0.339114    0.627286
    17   5961.00   -423.79    0.329497    0.610957
    18   5961.00   -423.79    0.317879    0.586854
    19   5911.00   -477.45    0.309655    0.570015
    20   5861.00   -531.57    0.301716    0.553851
    21   5811.00   -586.16    0.294047    0.538323
    22   5761.00   -641.21    0.286635    0.523394
    23   5711.00   -696.75    0.279468    0.509031
    24   5711.00   -696.75    0.264186    0.479086
    25   5661.00   -752.77    0.258687    0.464759
    26   5611.00   -809.29    0.253320    0.451029
    27   5611.00   -809.29    0.253320    0.451029
    28   5561.50   -865.75    0.249098    0.444339
    29   5512.00   -922.70    0.244990    0.437807
    30   5462.50   -980.18    0.240988    0.431423
    31   5413.00  -1038.17    0.237086    0.425178
    32   5363.50  -1096.70    0.233279    0.419065
    33   5314.00  -1155.77    0.229561    0.413076
    34   5264.50  -1215.40    0.225927    0.407204
    35   5215.00  -1275.58    0.222373    0.401444
    36   5165.50  -1336.35    0.218894    0.395787
    37   5116.00  -1397.69    0.215486    0.390229
    38   5066.50  -1459.64    0.212144    0.384764
    39   5017.00  -1522.19    0.208866    0.379386
    40   4967.50  -1585.36    0.205648    0.374091
    41   4918.00  -1649.16    0.202486    0.368874
    42   4868.50  -1713.61    0.199378    0.363730
    43   4819.00  -1778.72    0.196320    0.358654
    44   4769.50  -1844.50    0.193310    0.353644
    45   4720.00  -1910.97    0.190345    0.348694
    46   4670.50  -1978.13    0.187422    0.343802
    47   4621.00  -2046.02    0.184540    0.338963
    48   4571.50  -2114.63    0.181695    0.334175
    49   4522.00  -2183.99    0.178887    0.329434
    50   4472.50  -2254.12    0.176113    0.324737
    51   4423.00  -2325.02    0.173370    0.320082
    52   4373.50  -2396.72    0.170658    0.315465
    53   4324.00  -2469.24    0.167975    0.310885
    54   4274.50  -2542.60    0.165319    0.306339
    55   4225.00  -2616.81    0.162689    0.301825
    56   4175.50  -2691.89    0.160083    0.297340
    57   4126.00  -2767.87    0.157500    0.292883
    58   4076.50  -2844.76    0.154939    0.288451
    59   4027.00  -2922.60    0.152399    0.284044
    60   3977.50  -3001.40    0.149878    0.279659
    61   3928.00  -3081.18    0.147376    0.275295
    62   3878.50  -3161.98    0.144892    0.270951
    63   3829.00  -3243.81    0.142425    0.266625
    64   3779.50  -3326.71    0.139974    0.262316
    65   3730.00  -3410.70    0.137539    0.258023
    66   3680.50  -3495.82    0.135118    0.253745
    67   3631.00  -3582.08    0.132712    0.249482
    68   3631.00  -3582.08    0.132712    0.249482
    69   3581.33  -3669.83    0.130787    0.245653
    70   3531.67  -3758.80    0.128865    0.241836
    71   3482.00  -3849.04    0.126946    0.238032
    72   3482.00  -3849.04    0.217011    0.217011
    73   3431.67  -3941.80    0.211563    0.211563
    74   3381.34  -4035.93    0.206274    0.206274
    75   3331.01  -4131.48    0.201136    0.201136
    76   3280.68  -4228.48    0.196141    0.196141
    77   3230.34  -4326.98    0.191283    0.191283
    78   3180.01  -4427.02    0.186555    0.186555
    79   3129.68  -4528.67    0.181950    0.181950
    80   3079.35  -4631.96    0.177461    0.177461
    81   3029.02  -4736.95    0.173085    0.173085
    82   2978.69  -4843.70    0.168814    0.168814
    83   2928.36  -4952.27    0.164645    0.164645
    84   2878.03  -5062.72    0.160571    0.160571
    85   2827.70  -5175.13    0.156590    0.156590
    86   2777.36  -5289.55    0.152696    0.152696
    87   2727.03  -5406.06    0.148885    0.148885
    88   2676.70  -5524.75    0.145154    0.145154
    89   2626.37  -5645.68    0.141499    0.141499
    90   2576.04  -5768.96    0.137916    0.137916
    91   2525.71  -5894.67    0.134403    0.134403
    92   2475.38  -6022.91    0.130955    0.130955
    93   2425.05  -6153.78    0.127571    0.127571
    94   2374.72  -6287.40    0.124246    0.124246
    95   2324.38  -6423.89    0.120979    0.120979
    96   2274.05  -6563.36    0.117767    0.117767
    97   2223.72  -6705.95    0.114606    0.114606
    98   2173.39  -6851.80    0.111496    0.111496
    99   2123.06  -7001.08    0.108433    0.108433
   100   2072.73  -7153.93    0.105415    0.105415
   101   2022.40  -7310.55    0.102441    0.102441
   102   1972.07  -7471.11    0.099507    0.099507
   103   1921.74  -7635.82    0.096613    0.096613
   104   1871.40  -7804.90    0.093756    0.093756
   105   1821.07  -7978.60    0.090934    0.090934
   106   1770.74  -8157.16    0.088145    0.088145
   107   1720.41  -8340.87    0.085389    0.085389
   108   1670.08  -8530.04    0.082662    0.082662
   109   1619.75  -8724.99    0.079964    0.079964
   110   1569.42  -8926.10    0.077293    0.077293
   111   1519.09  -9133.77    0.074647    0.074647
   112   1468.76  -9348.43    0.072025    0.072025
   113   1418.42  -9570.58    0.069426    0.069426
   114   1368.09  -9800.75    0.066847    0.066847
   115   1317.76 -10039.56    0.064288    0.064288
   116   1267.43 -10287.66    0.061747    0.061747
   117   1217.10 -10545.82    0.059223    0.059223
   118   1217.10 -10545.82    0.055371    0.055371
   119   1166.39 -10816.97    0.053005    0.053005
   120   1115.68 -11100.17    0.050647    0.050647
   121   1064.96 -11396.55    0.048295    0.048295
   122   1014.25 -11707.39    0.045951    0.045951
   123    963.54 -12034.18    0.043614    0.043614
   124    912.83 -12378.64    0.041282    0.041282
   125    862.11 -12742.80    0.038957    0.038957
   126    811.40 -13129.04    0.036637    0.036637
   127    760.69 -13540.21    0.034322    0.034322
   128    709.98 -13979.77    0.032012    0.032012
   129    659.26 -14451.91    0.029707    0.029707
   130    608.55 -14961.86    0.027405    0.027405
   131    557.84 -15516.21    0.025108    0.025108
   132    507.13 -16123.43    0.022814    0.022814
   133    456.41 -16794.68    0.020524    0.020524
   134    405.70 -17545.07    0.018236    0.018236
   135    354.99 -18395.80    0.015951    0.015951
   136    304.28 -19377.89    0.013668    0.013668
   137    253.56 -20539.46    0.011387    0.011387
   138    202.85 -21961.10    0.009108    0.009108
   139    152.14 -23793.91    0.006830    0.006830
   140    101.43 -26377.11    0.004553    0.004553
   141     50.71 -30793.10    0.002276    0.002276
   142      0.00 -99816.16    0.000000    0.000000

 delx =    200.00    200.00
 dpmax -    0.010000    0.010000
 drmax =     75.00     75.00
 duplicate critical value eliminated:  0.3875907    
 duplicate critical value eliminated:  0.6933563    
 duplicate critical value eliminated:  0.3705036    
 duplicate critical value eliminated:  0.2533197    
 duplicate critical value eliminated:  0.4510288    
 duplicate critical value eliminated:  0.1327117    
 duplicate critical value eliminated:  0.2494821    

 critical points
     1    1.000000
     2    0.999137
     3    0.872872
     4    0.871432
     5    0.819642
     6    0.817191
     7    0.702785
     8    0.693356
     9    0.680651
    10    0.680047
    11    0.610957
    12    0.586854
    13    0.578182
    14    0.577683
    15    0.509031
    16    0.504326
    17    0.503494
    18    0.479086
    19    0.473435
    20    0.472019
    21    0.451029
    22    0.405452
    23    0.387591
    24    0.370504
    25    0.329497
    26    0.317879
    27    0.279468
    28    0.264186
    29    0.253320
    30    0.249482
    31    0.238032
    32    0.217011
    33    0.132712
    34    0.126946
    35    0.059223
    36    0.055371
          i   13    0.578182    0.577683
 first     1  0.578182  0.000000  6371.00
 sol       2  0.578126  0.027693  6370.39    1  0.000055   176.43     0.61
 sol       3  0.577960  0.055404  6368.56    1  0.000166   176.54     1.83
 end       4  0.577683  0.083114  6365.50    1  0.000277   176.54     3.06
          i   14    0.577683    0.509031
 sol       5  0.577604  0.056383  6365.50    2  0.000079  -170.31     0.00
 sol       6  0.576959  0.029980  6365.50    2  0.000645  -168.21     0.00
  dpmax    7  0.567255  0.008861  6365.50    2  0.009704  -134.55     0.00
  dpmax    8  0.557551  0.006331  6365.50    2  0.009704   -16.12     0.00
  dpmax    9  0.547847  0.005142  6365.50    2  0.009704    -7.58     0.00
  dpmax   10  0.538143  0.004411  6365.50    2  0.009704    -4.66     0.00
  dpmax   11  0.528439  0.003901  6365.50    2  0.009704    -3.25     0.00
  dpmax   12  0.518735  0.003517  6365.50    2  0.009704    -2.45     0.00
 end      13  0.509031  0.003213  6365.50    2  0.009704    -1.93     0.00
          i   15    0.509031    0.504326
 end      14  0.504326  0.003086  6365.50    3  0.004705    -0.81     0.00
          i   16    0.504326    0.503494
 sol      15  0.504274  0.031777  6364.84    3  0.000052   182.79     0.66
 sol      16  0.504118  0.060533  6362.88    3  0.000156   183.21     1.97
 sol      17  0.503858  0.089226  6359.59    3  0.000260   182.80     3.28
 end      18  0.503494  0.117955  6355.00    3  0.000364   183.03     4.59
          i   17    0.503494    0.479086
 sol      19  0.503437  0.091637  6355.00    4  0.000057  -167.67     0.00
 sol      20  0.503142  0.065331  6355.00    4  0.000295  -167.60     0.00
 sol      21  0.501781  0.039005  6355.00    4  0.001361  -167.72     0.00
  dpmax   22  0.494216  0.019442  6355.00    4  0.007565  -124.64     0.00
  dpmax   23  0.486651  0.014987  6355.00    4  0.007565   -28.38     0.00
 end      24  0.479086  0.012687  6355.00    4  0.007565   -14.65     0.00
          i   18    0.479086    0.473435
 end      25  0.473435  0.011525  6355.00    5  0.005651    -7.40     0.00
          i   19    0.473435    0.472019
 sol      26  0.473378  0.042470  6354.24    5  0.000057   197.15     0.76
 sol      27  0.473208  0.073338  6351.96    5  0.000170   196.66     2.28
 sol      28  0.472925  0.104239  6348.16    5  0.000283   196.86     3.80
 sol      29  0.472529  0.135113  6342.84    5  0.000396   196.70     5.32
 end      30  0.472019  0.165972  6336.00    5  0.000510   196.60     6.84
          i   20    0.472019    0.451029
 sol      31  0.471964  0.138333  6336.00    6  0.000055  -176.09     0.00
 sol      32  0.471727  0.110734  6336.00    6  0.000237  -175.83     0.00
 sol      33  0.471023  0.083107  6336.00    6  0.000703  -176.01     0.00
 sol      34  0.468522  0.055491  6336.00    6  0.002501  -175.94     0.00
  dpmax   35  0.459776  0.034692  6336.00    6  0.008747  -132.51     0.00
 end      36  0.451029  0.027863  6336.00    6  0.008747   -43.51     0.00
          i   21    0.451029    0.405452
  dpmax   37  0.441913  0.023840  6336.00    6  0.009115   -25.63     0.00
  dpmax   38  0.432798  0.021119  6336.00    6  0.009115   -17.33     0.00
  dpmax   39  0.423683  0.019091  6336.00    6  0.009115   -12.92     0.00
  dpmax   40  0.414567  0.017485  6336.00    6  0.009115   -10.23     0.00
 end      41  0.405452  0.016164  6336.00    6  0.009115    -8.42     0.00
          i   22    0.405452    0.387591
 sol      42  0.404948  0.045775  6333.65    7  0.000504   188.65     2.35
 sol      43  0.403431  0.075320  6326.59    7  0.001516   188.23     7.06
 sol      44  0.400894  0.104871  6314.73    7  0.002537   188.27    11.86
 sol      45  0.397340  0.134360  6298.03    7  0.003554   187.88    16.70
 sol      46  0.392980  0.163841  6277.13    8  0.004361   187.82    20.89
 end      47  0.387591  0.193328  6251.00    8  0.005389   187.87    26.13
          i   23    0.387591    0.370504
 sol      48  0.382808  0.221238  6226.27   10  0.004783   177.81    24.73
 sol      49  0.377022  0.249145  6195.93   11  0.005786   177.79    30.35
 end      50  0.370504  0.277054  6161.00   11  0.006518   177.81    34.93
          i   24    0.370504    0.329497
 sol      51  0.353642  0.308705  6082.68   14  0.016862   201.65    78.32
  dpmax   51  0.362302  0.286402  6123.53   13  0.008201    59.56    37.47
 sol      52  0.351119  0.315005  6070.56   14  0.011183   182.23    52.96
  dpmax   52  0.354101  0.307543  6084.88   14  0.008201   134.69    38.65
 sol      53  0.341756  0.340002  6024.28   15  0.012345   206.80    60.60
  dpmax   53  0.345900  0.329345  6044.97   15  0.008201   138.90    39.91
 sol      54  0.337825  0.350743  6004.36   16  0.008075   136.32    40.61
 end      55  0.329497  0.372218  5961.00   16  0.008328   136.82    43.36
          i   25    0.329497    0.317879
 sol      56  0.328961  0.340395  5961.00   17  0.000536  -202.74     0.00
 sol      57  0.327149  0.308546  5961.00   17  0.001812  -202.91     0.00
 sol      58  0.323656  0.276700  5961.00   17  0.003493  -202.89     0.00
 end      59  0.317879  0.244857  5961.00   17  0.005777  -202.87     0.00
          i   26    0.317879    0.279468
 sol      60  0.317476  0.275481  5958.57   18  0.000403   195.11     2.43
 sol      61  0.316050  0.306154  5949.96   18  0.001426   195.42     8.61
 sol      62  0.313222  0.336823  5932.79   18  0.002828   195.39    17.16
 sol      63  0.308809  0.367473  5905.71   19  0.004413   195.27    27.09
 sol      64  0.302816  0.398138  5867.98   19  0.005993   195.37    37.73
 sol      65  0.295772  0.428784  5822.32   20  0.007044   195.24    45.66
 sol      66  0.287900  0.459406  5769.59   21  0.007872   195.10    52.73
 end      67  0.279468  0.490100  5711.00   21  0.008432   195.55    58.59
          i   27    0.279468    0.264186
 sol      68  0.279181  0.459833  5711.00   23  0.000287  -192.83     0.00
 sol      69  0.278237  0.429529  5711.00   23  0.000944  -193.07     0.00
 sol      70  0.276489  0.399233  5711.00   23  0.001748  -193.02     0.00
 sol      71  0.273742  0.368939  5711.00   23  0.002746  -193.00     0.00
 sol      72  0.269748  0.338646  5711.00   23  0.003995  -193.00     0.00
 end      73  0.264186  0.308354  5711.00   23  0.005562  -192.99     0.00
          i   28    0.264186    0.253320
 sol      74  0.264021  0.337119  5709.51   24  0.000165   183.26     1.49
 sol      75  0.263489  0.365877  5704.70   24  0.000532   183.22     4.81
 sol      76  0.262526  0.394646  5695.97   24  0.000963   183.29     8.73
 sol      77  0.261062  0.423412  5682.67   24  0.001464   183.27    13.30
 sol      78  0.259027  0.452189  5664.11   24  0.002034   183.34    18.55
 sol      79  0.256508  0.480940  5640.77   25  0.002520   183.17    23.34
 end      80  0.253320  0.509707  5611.00   25  0.003188   183.27    29.77
          i   29    0.253320    0.249482
 sol      81  0.251947  0.542266  5594.95   27  0.001373   207.43    16.05
 end      82  0.249482  0.574800  5566.02   27  0.002465   207.28    28.93
          i   30    0.249482    0.238032
 sol      83  0.246993  0.604363  5536.18   28  0.002489   188.35    29.84
 sol      84  0.244203  0.633908  5502.30   29  0.002790   188.23    33.88
 sol      85  0.241117  0.663469  5464.11   29  0.003086   188.33    38.19
 end      86  0.238032  0.693044  5425.04   29  0.003085   188.42    39.07
          i   31    0.238032    0.217011
 sol      87  0.234723  0.723422  5382.31   31  0.003310   193.54    42.73
 sol      88  0.231273  0.754127  5336.83   32  0.003450   195.62    45.48
 sol      89  0.227769  0.784665  5289.64   33  0.003504   194.56    47.20
 sol      90  0.224220  0.815147  5240.76   34  0.003550   194.20    48.88
 sol      91  0.220627  0.845688  5190.20   35  0.003592   194.58    50.55
 end      92  0.217011  0.876206  5138.20   35  0.003616   194.43    52.01
          i   32    0.217011    0.132712
 sol      93  0.213274  0.907549  5083.27   37  0.003737   199.69    54.92
 sol      94  0.209545  0.938715  5027.26   38  0.003730   198.56    56.01
 sol      95  0.205792  0.969955  4969.72   39  0.003752   199.03    57.54
 sol      96  0.202137  1.001261  4912.45   41  0.003655   199.46    57.27
 sol      97  0.198428  1.032550  4853.16   42  0.003709   199.34    59.30
 sol      98  0.194700  1.063778  4792.39   43  0.003728   198.95    60.76
 sol      99  0.190946  1.095050  4730.05   44  0.003754   199.23    62.34
 sol     100  0.187243  1.126325  4667.43   46  0.003703   199.26    62.62
 sol     101  0.183543  1.157582  4603.68   47  0.003700   199.14    63.75
 sol     102  0.179802  1.188733  4538.15   48  0.003741   198.47    65.53
 sol     103  0.176028  1.220171  4470.98   50  0.003773   200.29    67.17
 sol     104  0.172307  1.251373  4403.62   51  0.003721   198.79    67.36
 sol     105  0.168501  1.282633  4333.71   52  0.003806   199.15    69.91
 sol     106  0.164708  1.314061  4263.01   54  0.003793   200.23    70.70
 sol     107  0.160869  1.345254  4190.45   55  0.003839   198.73    72.56
 sol     108  0.157026  1.376432  4116.85   57  0.003843   198.64    73.61
 sol     109  0.153107  1.407684  4040.82   58  0.003919   199.11    76.03
  drmax  109  0.153552  1.404212  4049.50   58  0.003473   176.99    67.34
 sol     110  0.149515  1.436174  3970.32   60  0.004038   203.63    79.18
  drmax  110  0.150079  1.431553  3981.45   59  0.003473   174.19    68.05
 sol     111  0.146720  1.458053  3914.95   61  0.003358   168.83    66.49
 sol     112  0.143288  1.484545  3846.34   62  0.003432   168.78    68.61
 sol     113  0.139801  1.511159  3775.98   64  0.003487   169.56    70.35
 sol     114  0.136299  1.537530  3704.68   65  0.003502   168.01    71.31
 end     115  0.132712  1.564022  3631.00   65  0.003587   168.78    73.68
          i   33    0.132712    0.126946
 sol     116  0.132347  1.594700  3621.59   68  0.000365   195.45     9.41
 sol     117  0.131447  1.625366  3598.38   68  0.000900   195.37    23.21
 sol     118  0.130191  1.656028  3565.96   69  0.001256   195.35    32.43
 sol     119  0.128672  1.686686  3526.68   70  0.001520   195.32    39.28
 end     120  0.126946  1.717363  3482.00   70  0.001726   195.44    44.68
          i   34    0.126946    0.059223
          caustic
 sol     121  0.126928  3.056907  2415.34   93  0.000018  8534.23     0.27
 sol     122  0.126871  3.025494  2414.47   93  0.000057  -200.13     0.86
 sol     123  0.126770  2.994071  2412.95   93  0.000101  -200.19     1.52
 sol     124  0.126621  2.962668  2410.70   93  0.000149  -200.07     2.26
 sol     125  0.126417  2.931288  2407.61   93  0.000204  -199.92     3.08
 sol     126  0.126151  2.899851  2403.58   93  0.000266  -200.28     4.03
 sol     127  0.125814  2.868439  2398.48   93  0.000337  -200.13     5.10
 sol     128  0.125396  2.837091  2392.16   93  0.000417  -199.72     6.32
 sol     129  0.124885  2.805674  2384.40   93  0.000512  -200.16     7.76
 sol     130  0.124265  2.774313  2375.00   93  0.000619  -199.80     9.40
 sol     131  0.123458  2.742841  2362.60   94  0.000807  -200.51    12.40
 sol     132  0.122513  2.711417  2348.04   94  0.000946  -200.20    14.56
 sol     133  0.121373  2.679995  2330.47   94  0.001140  -200.19    17.58
 sol     134  0.119865  2.648584  2306.96   95  0.001508  -200.12    23.51
 sol     135  0.118042  2.617063  2278.38   95  0.001823  -200.82    28.58
 sol     136  0.115483  2.585763  2237.71   96  0.002559  -199.41    40.66
 sol     137  0.111771  2.554418  2177.84   97  0.003713  -199.70    59.87
  dpmax  138  0.105742  2.528945  2078.18   99  0.006029  -162.29    99.66
  drmax  138  0.107751  2.535750  2111.71   99  0.004019  -118.94    66.13
  drmax  139  0.103732  2.525904  2044.27  100  0.004019   -62.73    67.44
 end     140  0.099713  2.522951  1975.60  100  0.004019   -18.81    68.67
 sol     141  0.085925  2.554760  1730.21  106  0.013788   202.66   245.39
  dpmax  141  0.091615  2.535879  1833.24  104  0.008098    82.37   142.36
  drmax  141  0.095664  2.527763  1905.04  103  0.004049    30.65    70.56
 sol     142  0.085044  2.558794  1714.06  107  0.010620   197.70   190.98
  dpmax  142  0.086554  2.552747  1741.70  106  0.009110   159.17   163.34
  drmax  142  0.091615  2.535879  1833.24  104  0.004049    51.71    71.80
 sol     143  0.083394  2.565528  1683.61  107  0.008221   188.89   149.63
  drmax  143  0.087566  2.549168  1760.18  106  0.004049    84.66    73.06
 sol     144  0.081061  2.576589  1640.23  108  0.006505   174.70   119.95
  drmax  144  0.083517  2.565074  1685.88  107  0.004049   101.34    74.30
 sol     145  0.077366  2.594821  1570.79  109  0.006151   189.52   115.09
  drmax  145  0.080046  2.580812  1621.29  108  0.003471   100.27    64.59
 sol     146  0.075188  2.607411  1529.38  110  0.004859   169.47    91.91
  drmax  146  0.076576  2.600143  1555.79  110  0.003471   123.16    65.50
 sol     147  0.071698  2.628694  1462.42  112  0.004878   181.89    93.37
  drmax  147  0.073105  2.620024  1489.51  111  0.003471   126.66    66.29
 sol     148  0.068190  2.651259  1394.32  113  0.004916   199.00    95.19
  drmax  148  0.069635  2.641098  1422.48  112  0.003471   134.26    67.03
 sol     149  0.066108  2.665348  1353.57  114  0.003527   154.49    68.91
 sol     150  0.062619  2.689530  1284.71  115  0.003489   154.06    68.86
 end     151  0.059223  2.713804  1217.10  115  0.003396   154.65    67.61
          i   35    0.059223    0.055371
 sol     152  0.059216  2.682896  1217.10  117  0.000008  -196.92     0.00
 sol     153  0.059193  2.652003  1217.10  117  0.000023  -196.82     0.00
 sol     154  0.059155  2.621105  1217.10  117  0.000038  -196.85     0.00
 sol     155  0.059102  2.590210  1217.10  117  0.000053  -196.84     0.00
 sol     156  0.059033  2.559311  1217.10  117  0.000069  -196.86     0.00
 sol     157  0.058948  2.528412  1217.10  117  0.000085  -196.85     0.00
 sol     158  0.058848  2.497513  1217.10  117  0.000100  -196.86     0.00
 sol     159  0.058731  2.466611  1217.10  117  0.000116  -196.88     0.00
 sol     160  0.058599  2.435714  1217.10  117  0.000132  -196.84     0.00
 sol     161  0.058450  2.404816  1217.10  117  0.000149  -196.85     0.00
 sol     162  0.058285  2.373917  1217.10  117  0.000165  -196.85     0.00
 sol     163  0.058104  2.343020  1217.10  117  0.000181  -196.85     0.00
 sol     164  0.057905  2.311974  1217.10  117  0.000199  -197.79     0.00
 sol     165  0.057691  2.281092  1217.10  117  0.000214  -196.75     0.00
 sol     166  0.057460  2.250211  1217.10  117  0.000231  -196.74     0.00
 sol     167  0.057212  2.219328  1217.10  117  0.000248  -196.75     0.00
 sol     168  0.056948  2.188445  1217.10  117  0.000265  -196.76     0.00
 sol     169  0.056666  2.157562  1217.10  117  0.000281  -196.76     0.00
 sol     170  0.056368  2.126679  1217.10  117  0.000298  -196.75     0.00
 sol     171  0.056053  2.095795  1217.10  117  0.000315  -196.77     0.00
 sol     172  0.055720  2.064914  1217.10  117  0.000332  -196.74     0.00
 end     173  0.055371  2.034030  1217.10  117  0.000349  -196.76     0.00
          i   36    0.055371    0.000000
 sol     174  0.055364  2.064797  1216.95  118  0.000007   196.01     0.15
 sol     175  0.055341  2.095511  1216.46  118  0.000023   195.68     0.49
 sol     176  0.055301  2.126273  1215.59  118  0.000040   195.98     0.87
 sol     177  0.055240  2.157067  1214.29  118  0.000061   196.19     1.31
 sol     178  0.055155  2.187835  1212.48  118  0.000085   196.02     1.81
 sol     179  0.055043  2.218612  1210.07  118  0.000112   196.08     2.40
 sol     180  0.054898  2.249376  1206.97  118  0.000145   196.00     3.10
 sol     181  0.054714  2.280148  1203.03  118  0.000184   196.05     3.94
 sol     182  0.054484  2.310914  1198.10  118  0.000230   196.01     4.93
 sol     183  0.054198  2.341686  1191.95  118  0.000287   196.04     6.14
 sol     184  0.053841  2.372551  1184.32  118  0.000356   196.65     7.63
 sol     185  0.053405  2.403214  1174.97  118  0.000436   195.35     9.36
 sol     186  0.052872  2.433981  1163.54  119  0.000533   196.02    11.43
 sol     187  0.052223  2.464746  1149.57  119  0.000650   196.00    13.97
 sol     188  0.051427  2.495513  1132.47  119  0.000795   196.02    17.10
 sol     189  0.050473  2.526271  1111.93  120  0.000954   195.95    20.54
 sol     190  0.049336  2.557043  1087.41  120  0.001137   196.05    24.52
 sol     191  0.047996  2.587815  1058.48  121  0.001340   196.05    28.93
 sol     192  0.046427  2.618726  1024.55  121  0.001569   196.94    33.94
 sol     193  0.044675  2.649341   986.57  122  0.001752   195.05    37.98
 sol     194  0.042701  2.680107   943.68  123  0.001974   196.01    42.88
 sol     195  0.040529  2.710873   896.41  124  0.002172   196.01    47.28
 sol     196  0.038178  2.741673   845.10  125  0.002351   196.23    51.30
 sol     197  0.035679  2.772405   790.42  126  0.002500   195.79    54.69
 sol     198  0.033034  2.803269   732.42  127  0.002644   196.64    57.99
 sol     199  0.030298  2.833890   672.28  128  0.002736   195.09    60.15
 sol     200  0.027450  2.864695   609.52  129  0.002848   196.26    62.75
 sol     201  0.024566  2.895495   545.85  131  0.002884   196.23    63.68
 sol     202  0.021602  2.926225   480.28  132  0.002964   195.78    65.57
 sol     203  0.018587  2.956902   413.48  133  0.003015   195.44    66.80
 sol     204  0.015535  2.987837   345.75  135  0.003052   197.09    67.73
 sol     205  0.012453  3.018640   277.26  136  0.003082   196.24    68.49
 sol     206  0.009363  3.049231   208.52  137  0.003090   194.90    68.74
 sol     207  0.006254  3.080065   139.31  139  0.003109   196.44    69.21
 sol     208  0.003128  3.110828    69.69  140  0.003126   195.99    69.62
 end     209  0.000000  3.141593     0.00  140  0.003128   196.00    69.69
          i    1    1.000000    0.999137
 first     1  1.000000  0.000000  6371.00
 sol       2  0.999904  0.027667  6370.39    1  0.000096   176.27     0.61
 sol       3  0.999616  0.055391  6368.56    1  0.000288   176.63     1.83
 end       4  0.999137  0.083106  6365.50    1  0.000480   176.57     3.06
          i    2    0.999137    0.872872
 sol       5  0.999002  0.056492  6365.50    2  0.000135  -169.56     0.00
 sol       6  0.997856  0.029714  6365.50    2  0.001145  -170.60     0.00
  dpmax    7  0.988242  0.011378  6365.50    2  0.009614  -116.82     0.00
  dpmax    8  0.978628  0.008305  6365.50    2  0.009614   -19.57     0.00
  dpmax    9  0.969014  0.006824  6365.50    2  0.009614    -9.44     0.00
  dpmax   10  0.959400  0.005907  6365.50    2  0.009614    -5.84     0.00
  dpmax   11  0.949786  0.005266  6365.50    2  0.009614    -4.08     0.00
  dpmax   12  0.940171  0.004784  6365.50    2  0.009614    -3.07     0.00
  dpmax   13  0.930557  0.004404  6365.50    2  0.009614    -2.42     0.00
  dpmax   14  0.920943  0.004094  6365.50    2  0.009614    -1.98     0.00
  dpmax   15  0.911329  0.003833  6365.50    2  0.009614    -1.66     0.00
  dpmax   16  0.901715  0.003611  6365.50    2  0.009614    -1.42     0.00
  dpmax   17  0.892101  0.003417  6365.50    2  0.009614    -1.23     0.00
  dpmax   18  0.882486  0.003247  6365.50    2  0.009614    -1.08     0.00
 end      19  0.872872  0.003095  6365.50    2  0.009614    -0.97     0.00
          i    3    0.872872    0.871432
 sol      20  0.872782  0.031810  6364.84    3  0.000090   182.94     0.66
 sol      21  0.872512  0.060530  6362.88    3  0.000270   182.97     1.97
 sol      22  0.872062  0.089240  6359.59    3  0.000450   182.92     3.28
 end      23  0.871432  0.117962  6355.00    3  0.000630   182.99     4.59
          i    4    0.871432    0.819642
 sol      24  0.871330  0.091285  6355.00    4  0.000103  -169.96     0.00
 sol      25  0.870807  0.064886  6355.00    4  0.000523  -168.19     0.00
 sol      26  0.868292  0.038160  6355.00    4  0.002515  -170.27     0.00
  dpmax   27  0.858562  0.021387  6355.00    4  0.009730  -106.86     0.00
  dpmax   28  0.848832  0.016769  6355.00    4  0.009730   -29.43     0.00
  dpmax   29  0.839102  0.014318  6355.00    4  0.009730   -15.61     0.00
  dpmax   30  0.829372  0.012718  6355.00    4  0.009730   -10.20     0.00
 end      31  0.819642  0.011554  6355.00    4  0.009730    -7.41     0.00
          i    5    0.819642    0.817191
 sol      32  0.819544  0.042469  6354.24    5  0.000098   196.96     0.76
 sol      33  0.819250  0.073368  6351.96    5  0.000294   196.86     2.28
 sol      34  0.818760  0.104270  6348.16    5  0.000490   196.88     3.80
 sol      35  0.818074  0.135134  6342.84    5  0.000686   196.64     5.32
 end      36  0.817191  0.166002  6336.00    5  0.000882   196.66     6.84
          i    6    0.817191    0.702785
 sol      37  0.817076  0.136004  6336.00    6  0.000115  -191.11     0.00
 sol      38  0.816564  0.106241  6336.00    6  0.000512  -189.62     0.00
 sol      39  0.814862  0.076144  6336.00    6  0.001701  -191.75     0.00
 sol      40  0.807152  0.046206  6336.00    6  0.007710  -190.73     0.00
  dpmax   41  0.797664  0.035851  6336.00    6  0.009488   -65.97     0.00
  dpmax   42  0.788176  0.030602  6336.00    6  0.009488   -33.44     0.00
  dpmax   43  0.778688  0.027206  6336.00    6  0.009488   -21.64     0.00
  dpmax   44  0.769200  0.024740  6336.00    6  0.009488   -15.71     0.00
  dpmax   45  0.759712  0.022824  6336.00    6  0.009488   -12.21     0.00
  dpmax   46  0.750224  0.021269  6336.00    6  0.009488    -9.91     0.00
  dpmax   47  0.740736  0.019965  6336.00    6  0.009488    -8.30     0.00
  dpmax   48  0.731248  0.018848  6336.00    6  0.009488    -7.12     0.00
  dpmax   49  0.721760  0.017873  6336.00    6  0.009488    -6.21     0.00
  dpmax   50  0.712273  0.017009  6336.00    6  0.009488    -5.50     0.00
 end      51  0.702785  0.016236  6336.00    6  0.009488    -4.93     0.00
          i    7    0.702785    0.693356
 sol      52  0.702707  0.046034  6335.30    7  0.000078   189.85     0.70
 sol      53  0.702473  0.075769  6333.19    7  0.000234   189.44     2.11
 sol      54  0.702083  0.105533  6329.68    7  0.000390   189.63     3.51
 sol      55  0.701538  0.135291  6324.76    7  0.000545   189.59     4.92
 sol      56  0.700837  0.165038  6318.44    7  0.000701   189.52     6.32
 sol      57  0.699979  0.194772  6310.71    7  0.000857   189.44     7.73
 sol      58  0.698967  0.224517  6301.58    7  0.001013   189.50     9.13
 sol      59  0.697798  0.254253  6291.04    8  0.001169   189.45    10.54
 sol      60  0.696473  0.284002  6279.10    8  0.001325   189.53    11.94
 sol      61  0.694993  0.313751  6265.75    8  0.001480   189.53    13.35
 end      62  0.693356  0.343506  6251.00    8  0.001636   189.57    14.75
          i    8    0.693356    0.680651
          caustic
 end      63  0.692915  0.335625  6247.88   10  0.000441   -50.21     3.12
 sol      64  0.688379  0.368894  6215.82   10  0.004536   211.96    32.07
 sol      65  0.684617  0.402096  6189.16   11  0.003762   211.53    26.66
 end      66  0.680651  0.435330  6161.00   11  0.003965   211.74    28.16
          i    9    0.680651    0.680047
 sol      67  0.680512  0.404709  6161.00   12  0.000139  -195.09     0.00
 end      68  0.680047  0.374090  6161.00   12  0.000464  -195.08     0.00
          i   10    0.680047    0.610957
  dpmax   69  0.670177  0.340483  6134.08   13  0.009870  -214.11    26.92
